ARM GAS  /tmp/ccehXcw6.s 			page 1


   1              		.cpu cortex-m0
   2              		.eabi_attribute 20, 1
   3              		.eabi_attribute 21, 1
   4              		.eabi_attribute 23, 3
   5              		.eabi_attribute 24, 1
   6              		.eabi_attribute 25, 1
   7              		.eabi_attribute 26, 1
   8              		.eabi_attribute 30, 1
   9              		.eabi_attribute 34, 0
  10              		.eabi_attribute 18, 4
  11              		.file	"stm32f0xx_crc.c"
  12              		.text
  13              	.Ltext0:
  14              		.cfi_sections	.debug_frame
  15              		.section	.text.CRC_DeInit,"ax",%progbits
  16              		.align	1
  17              		.global	CRC_DeInit
  18              		.arch armv6s-m
  19              		.syntax unified
  20              		.code	16
  21              		.thumb_func
  22              		.fpu softvfp
  24              	CRC_DeInit:
  25              	.LFB40:
  26              		.file 1 "Drivers/STM32F0xx_StdPeriph_Driver/src/stm32f0xx_crc.c"
   1:Drivers/STM32F0xx_StdPeriph_Driver/src/stm32f0xx_crc.c **** /**
   2:Drivers/STM32F0xx_StdPeriph_Driver/src/stm32f0xx_crc.c ****   ******************************************************************************
   3:Drivers/STM32F0xx_StdPeriph_Driver/src/stm32f0xx_crc.c ****   * @file    stm32f0xx_crc.c
   4:Drivers/STM32F0xx_StdPeriph_Driver/src/stm32f0xx_crc.c ****   * @author  MCD Application Team
   5:Drivers/STM32F0xx_StdPeriph_Driver/src/stm32f0xx_crc.c ****   * @version V1.0.0
   6:Drivers/STM32F0xx_StdPeriph_Driver/src/stm32f0xx_crc.c ****   * @date    23-March-2012
   7:Drivers/STM32F0xx_StdPeriph_Driver/src/stm32f0xx_crc.c ****   * @brief   This file provides firmware functions to manage the following 
   8:Drivers/STM32F0xx_StdPeriph_Driver/src/stm32f0xx_crc.c ****   *          functionalities of CRC computation unit peripheral:
   9:Drivers/STM32F0xx_StdPeriph_Driver/src/stm32f0xx_crc.c ****   *            + Configuration of the CRC computation unit
  10:Drivers/STM32F0xx_StdPeriph_Driver/src/stm32f0xx_crc.c ****   *            + CRC computation of one/many 32-bit data
  11:Drivers/STM32F0xx_StdPeriph_Driver/src/stm32f0xx_crc.c ****   *            + CRC Independent register (IDR) access
  12:Drivers/STM32F0xx_StdPeriph_Driver/src/stm32f0xx_crc.c ****   *
  13:Drivers/STM32F0xx_StdPeriph_Driver/src/stm32f0xx_crc.c ****   *  @verbatim
  14:Drivers/STM32F0xx_StdPeriph_Driver/src/stm32f0xx_crc.c ****  ===============================================================================
  15:Drivers/STM32F0xx_StdPeriph_Driver/src/stm32f0xx_crc.c ****                      ##### How to use this driver #####
  16:Drivers/STM32F0xx_StdPeriph_Driver/src/stm32f0xx_crc.c ****  ===============================================================================
  17:Drivers/STM32F0xx_StdPeriph_Driver/src/stm32f0xx_crc.c ****     [..]
  18:Drivers/STM32F0xx_StdPeriph_Driver/src/stm32f0xx_crc.c ****     
  19:Drivers/STM32F0xx_StdPeriph_Driver/src/stm32f0xx_crc.c ****          (+) Enable CRC AHB clock using RCC_AHBPeriphClockCmd(RCC_AHBPeriph_CRC, ENABLE)
  20:Drivers/STM32F0xx_StdPeriph_Driver/src/stm32f0xx_crc.c ****              function
  21:Drivers/STM32F0xx_StdPeriph_Driver/src/stm32f0xx_crc.c ****          (+) If required, select the reverse operation on input data 
  22:Drivers/STM32F0xx_StdPeriph_Driver/src/stm32f0xx_crc.c ****              using CRC_ReverseInputDataSelect()  
  23:Drivers/STM32F0xx_StdPeriph_Driver/src/stm32f0xx_crc.c ****          (+) If required, enable the reverse operation on output data
  24:Drivers/STM32F0xx_StdPeriph_Driver/src/stm32f0xx_crc.c ****              using CRC_ReverseOutputDataCmd(Enable)
  25:Drivers/STM32F0xx_StdPeriph_Driver/src/stm32f0xx_crc.c ****          (+) use CRC_CalcCRC() function to compute the CRC of a 32-bit data
  26:Drivers/STM32F0xx_StdPeriph_Driver/src/stm32f0xx_crc.c ****              or use CRC_CalcBlockCRC() function to compute the CRC if a 32-bit 
  27:Drivers/STM32F0xx_StdPeriph_Driver/src/stm32f0xx_crc.c ****              data buffer
  28:Drivers/STM32F0xx_StdPeriph_Driver/src/stm32f0xx_crc.c ****             (@) To compute the CRC of a new data use CRC_ResetDR() to reset
  29:Drivers/STM32F0xx_StdPeriph_Driver/src/stm32f0xx_crc.c ****                  the CRC computation unit before starting the computation
  30:Drivers/STM32F0xx_StdPeriph_Driver/src/stm32f0xx_crc.c ****                  otherwise you can get wrong CRC values.
  31:Drivers/STM32F0xx_StdPeriph_Driver/src/stm32f0xx_crc.c ****       
  32:Drivers/STM32F0xx_StdPeriph_Driver/src/stm32f0xx_crc.c ****      @endverbatim
ARM GAS  /tmp/ccehXcw6.s 			page 2


  33:Drivers/STM32F0xx_StdPeriph_Driver/src/stm32f0xx_crc.c ****   *  
  34:Drivers/STM32F0xx_StdPeriph_Driver/src/stm32f0xx_crc.c ****   ******************************************************************************
  35:Drivers/STM32F0xx_StdPeriph_Driver/src/stm32f0xx_crc.c ****   * @attention
  36:Drivers/STM32F0xx_StdPeriph_Driver/src/stm32f0xx_crc.c ****   *
  37:Drivers/STM32F0xx_StdPeriph_Driver/src/stm32f0xx_crc.c ****   * <h2><center>&copy; COPYRIGHT 2012 STMicroelectronics</center></h2>
  38:Drivers/STM32F0xx_StdPeriph_Driver/src/stm32f0xx_crc.c ****   *
  39:Drivers/STM32F0xx_StdPeriph_Driver/src/stm32f0xx_crc.c ****   * Licensed under MCD-ST Liberty SW License Agreement V2, (the "License");
  40:Drivers/STM32F0xx_StdPeriph_Driver/src/stm32f0xx_crc.c ****   * You may not use this file except in compliance with the License.
  41:Drivers/STM32F0xx_StdPeriph_Driver/src/stm32f0xx_crc.c ****   * You may obtain a copy of the License at:
  42:Drivers/STM32F0xx_StdPeriph_Driver/src/stm32f0xx_crc.c ****   *
  43:Drivers/STM32F0xx_StdPeriph_Driver/src/stm32f0xx_crc.c ****   *        http://www.st.com/software_license_agreement_liberty_v2
  44:Drivers/STM32F0xx_StdPeriph_Driver/src/stm32f0xx_crc.c ****   *
  45:Drivers/STM32F0xx_StdPeriph_Driver/src/stm32f0xx_crc.c ****   * Unless required by applicable law or agreed to in writing, software 
  46:Drivers/STM32F0xx_StdPeriph_Driver/src/stm32f0xx_crc.c ****   * distributed under the License is distributed on an "AS IS" BASIS, 
  47:Drivers/STM32F0xx_StdPeriph_Driver/src/stm32f0xx_crc.c ****   * WITHOUT WARRANTIES OR CONDITIONS OF ANY KIND, either express or implied.
  48:Drivers/STM32F0xx_StdPeriph_Driver/src/stm32f0xx_crc.c ****   * See the License for the specific language governing permissions and
  49:Drivers/STM32F0xx_StdPeriph_Driver/src/stm32f0xx_crc.c ****   * limitations under the License.
  50:Drivers/STM32F0xx_StdPeriph_Driver/src/stm32f0xx_crc.c ****   *
  51:Drivers/STM32F0xx_StdPeriph_Driver/src/stm32f0xx_crc.c ****   ******************************************************************************
  52:Drivers/STM32F0xx_StdPeriph_Driver/src/stm32f0xx_crc.c ****   */
  53:Drivers/STM32F0xx_StdPeriph_Driver/src/stm32f0xx_crc.c **** 
  54:Drivers/STM32F0xx_StdPeriph_Driver/src/stm32f0xx_crc.c **** /* Includes ------------------------------------------------------------------*/
  55:Drivers/STM32F0xx_StdPeriph_Driver/src/stm32f0xx_crc.c **** #include "stm32f0xx_crc.h"
  56:Drivers/STM32F0xx_StdPeriph_Driver/src/stm32f0xx_crc.c **** 
  57:Drivers/STM32F0xx_StdPeriph_Driver/src/stm32f0xx_crc.c **** /** @addtogroup STM32F0xx_StdPeriph_Driver
  58:Drivers/STM32F0xx_StdPeriph_Driver/src/stm32f0xx_crc.c ****   * @{
  59:Drivers/STM32F0xx_StdPeriph_Driver/src/stm32f0xx_crc.c ****   */
  60:Drivers/STM32F0xx_StdPeriph_Driver/src/stm32f0xx_crc.c **** 
  61:Drivers/STM32F0xx_StdPeriph_Driver/src/stm32f0xx_crc.c **** /** @defgroup CRC 
  62:Drivers/STM32F0xx_StdPeriph_Driver/src/stm32f0xx_crc.c ****   * @brief CRC driver modules
  63:Drivers/STM32F0xx_StdPeriph_Driver/src/stm32f0xx_crc.c ****   * @{
  64:Drivers/STM32F0xx_StdPeriph_Driver/src/stm32f0xx_crc.c ****   */
  65:Drivers/STM32F0xx_StdPeriph_Driver/src/stm32f0xx_crc.c **** 
  66:Drivers/STM32F0xx_StdPeriph_Driver/src/stm32f0xx_crc.c **** /* Private typedef -----------------------------------------------------------*/
  67:Drivers/STM32F0xx_StdPeriph_Driver/src/stm32f0xx_crc.c **** /* Private define ------------------------------------------------------------*/
  68:Drivers/STM32F0xx_StdPeriph_Driver/src/stm32f0xx_crc.c **** /* Private macro -------------------------------------------------------------*/
  69:Drivers/STM32F0xx_StdPeriph_Driver/src/stm32f0xx_crc.c **** /* Private variables ---------------------------------------------------------*/
  70:Drivers/STM32F0xx_StdPeriph_Driver/src/stm32f0xx_crc.c **** /* Private function prototypes -----------------------------------------------*/
  71:Drivers/STM32F0xx_StdPeriph_Driver/src/stm32f0xx_crc.c **** /* Private functions ---------------------------------------------------------*/
  72:Drivers/STM32F0xx_StdPeriph_Driver/src/stm32f0xx_crc.c **** 
  73:Drivers/STM32F0xx_StdPeriph_Driver/src/stm32f0xx_crc.c **** /** @defgroup CRC_Private_Functions
  74:Drivers/STM32F0xx_StdPeriph_Driver/src/stm32f0xx_crc.c ****   * @{
  75:Drivers/STM32F0xx_StdPeriph_Driver/src/stm32f0xx_crc.c ****   */
  76:Drivers/STM32F0xx_StdPeriph_Driver/src/stm32f0xx_crc.c **** 
  77:Drivers/STM32F0xx_StdPeriph_Driver/src/stm32f0xx_crc.c **** /** @defgroup CRC_Group1 Configuration of the CRC computation unit functions
  78:Drivers/STM32F0xx_StdPeriph_Driver/src/stm32f0xx_crc.c ****  *  @brief   Configuration of the CRC computation unit functions 
  79:Drivers/STM32F0xx_StdPeriph_Driver/src/stm32f0xx_crc.c ****  *
  80:Drivers/STM32F0xx_StdPeriph_Driver/src/stm32f0xx_crc.c **** @verbatim
  81:Drivers/STM32F0xx_StdPeriph_Driver/src/stm32f0xx_crc.c ****  ===============================================================================
  82:Drivers/STM32F0xx_StdPeriph_Driver/src/stm32f0xx_crc.c ****                      ##### CRC configuration functions #####
  83:Drivers/STM32F0xx_StdPeriph_Driver/src/stm32f0xx_crc.c ****  ===============================================================================
  84:Drivers/STM32F0xx_StdPeriph_Driver/src/stm32f0xx_crc.c **** 
  85:Drivers/STM32F0xx_StdPeriph_Driver/src/stm32f0xx_crc.c **** @endverbatim
  86:Drivers/STM32F0xx_StdPeriph_Driver/src/stm32f0xx_crc.c ****   * @{
  87:Drivers/STM32F0xx_StdPeriph_Driver/src/stm32f0xx_crc.c ****   */
  88:Drivers/STM32F0xx_StdPeriph_Driver/src/stm32f0xx_crc.c **** 
  89:Drivers/STM32F0xx_StdPeriph_Driver/src/stm32f0xx_crc.c **** /**
ARM GAS  /tmp/ccehXcw6.s 			page 3


  90:Drivers/STM32F0xx_StdPeriph_Driver/src/stm32f0xx_crc.c ****   * @brief  Deinitializes CRC peripheral registers to their default reset values.
  91:Drivers/STM32F0xx_StdPeriph_Driver/src/stm32f0xx_crc.c ****   * @param  None
  92:Drivers/STM32F0xx_StdPeriph_Driver/src/stm32f0xx_crc.c ****   * @retval None
  93:Drivers/STM32F0xx_StdPeriph_Driver/src/stm32f0xx_crc.c ****   */
  94:Drivers/STM32F0xx_StdPeriph_Driver/src/stm32f0xx_crc.c **** void CRC_DeInit(void)
  95:Drivers/STM32F0xx_StdPeriph_Driver/src/stm32f0xx_crc.c **** {
  27              		.loc 1 95 1 view -0
  28              		.cfi_startproc
  29              		@ args = 0, pretend = 0, frame = 0
  30              		@ frame_needed = 0, uses_anonymous_args = 0
  31              		@ link register save eliminated.
  96:Drivers/STM32F0xx_StdPeriph_Driver/src/stm32f0xx_crc.c ****   /* Set DR register to reset value */
  97:Drivers/STM32F0xx_StdPeriph_Driver/src/stm32f0xx_crc.c ****   CRC->DR = 0xFFFFFFFF;
  32              		.loc 1 97 3 view .LVU1
  33              		.loc 1 97 11 is_stmt 0 view .LVU2
  34 0000 044B     		ldr	r3, .L2
  35 0002 0122     		movs	r2, #1
  36 0004 5242     		rsbs	r2, r2, #0
  37 0006 1A60     		str	r2, [r3]
  98:Drivers/STM32F0xx_StdPeriph_Driver/src/stm32f0xx_crc.c ****   /* Reset IDR register */
  99:Drivers/STM32F0xx_StdPeriph_Driver/src/stm32f0xx_crc.c ****   CRC->IDR = 0x00;
  38              		.loc 1 99 3 is_stmt 1 view .LVU3
  39              		.loc 1 99 12 is_stmt 0 view .LVU4
  40 0008 0021     		movs	r1, #0
  41 000a 1971     		strb	r1, [r3, #4]
 100:Drivers/STM32F0xx_StdPeriph_Driver/src/stm32f0xx_crc.c ****   /* Set INIT register to reset value */
 101:Drivers/STM32F0xx_StdPeriph_Driver/src/stm32f0xx_crc.c ****   CRC->INIT = 0xFFFFFFFF;
  42              		.loc 1 101 3 is_stmt 1 view .LVU5
  43              		.loc 1 101 13 is_stmt 0 view .LVU6
  44 000c 1A61     		str	r2, [r3, #16]
 102:Drivers/STM32F0xx_StdPeriph_Driver/src/stm32f0xx_crc.c ****   /* Reset the CRC calculation unit */
 103:Drivers/STM32F0xx_StdPeriph_Driver/src/stm32f0xx_crc.c ****   CRC->CR = CRC_CR_RESET;
  45              		.loc 1 103 3 is_stmt 1 view .LVU7
  46              		.loc 1 103 11 is_stmt 0 view .LVU8
  47 000e 0232     		adds	r2, r2, #2
  48 0010 9A60     		str	r2, [r3, #8]
 104:Drivers/STM32F0xx_StdPeriph_Driver/src/stm32f0xx_crc.c **** }
  49              		.loc 1 104 1 view .LVU9
  50              		@ sp needed
  51 0012 7047     		bx	lr
  52              	.L3:
  53              		.align	2
  54              	.L2:
  55 0014 00300240 		.word	1073885184
  56              		.cfi_endproc
  57              	.LFE40:
  59              		.section	.text.CRC_ResetDR,"ax",%progbits
  60              		.align	1
  61              		.global	CRC_ResetDR
  62              		.syntax unified
  63              		.code	16
  64              		.thumb_func
  65              		.fpu softvfp
  67              	CRC_ResetDR:
  68              	.LFB41:
 105:Drivers/STM32F0xx_StdPeriph_Driver/src/stm32f0xx_crc.c **** 
 106:Drivers/STM32F0xx_StdPeriph_Driver/src/stm32f0xx_crc.c **** /**
ARM GAS  /tmp/ccehXcw6.s 			page 4


 107:Drivers/STM32F0xx_StdPeriph_Driver/src/stm32f0xx_crc.c ****   * @brief  Resets the CRC calculation unit and sets INIT register content in DR register.
 108:Drivers/STM32F0xx_StdPeriph_Driver/src/stm32f0xx_crc.c ****   * @param  None
 109:Drivers/STM32F0xx_StdPeriph_Driver/src/stm32f0xx_crc.c ****   * @retval None
 110:Drivers/STM32F0xx_StdPeriph_Driver/src/stm32f0xx_crc.c ****   */
 111:Drivers/STM32F0xx_StdPeriph_Driver/src/stm32f0xx_crc.c **** void CRC_ResetDR(void)
 112:Drivers/STM32F0xx_StdPeriph_Driver/src/stm32f0xx_crc.c **** {
  69              		.loc 1 112 1 is_stmt 1 view -0
  70              		.cfi_startproc
  71              		@ args = 0, pretend = 0, frame = 0
  72              		@ frame_needed = 0, uses_anonymous_args = 0
  73              		@ link register save eliminated.
 113:Drivers/STM32F0xx_StdPeriph_Driver/src/stm32f0xx_crc.c ****   /* Reset CRC generator */
 114:Drivers/STM32F0xx_StdPeriph_Driver/src/stm32f0xx_crc.c ****   CRC->CR = CRC_CR_RESET;
  74              		.loc 1 114 3 view .LVU11
  75              		.loc 1 114 11 is_stmt 0 view .LVU12
  76 0000 014B     		ldr	r3, .L5
  77 0002 0122     		movs	r2, #1
  78 0004 9A60     		str	r2, [r3, #8]
 115:Drivers/STM32F0xx_StdPeriph_Driver/src/stm32f0xx_crc.c **** }
  79              		.loc 1 115 1 view .LVU13
  80              		@ sp needed
  81 0006 7047     		bx	lr
  82              	.L6:
  83              		.align	2
  84              	.L5:
  85 0008 00300240 		.word	1073885184
  86              		.cfi_endproc
  87              	.LFE41:
  89              		.section	.text.CRC_ReverseInputDataSelect,"ax",%progbits
  90              		.align	1
  91              		.global	CRC_ReverseInputDataSelect
  92              		.syntax unified
  93              		.code	16
  94              		.thumb_func
  95              		.fpu softvfp
  97              	CRC_ReverseInputDataSelect:
  98              	.LVL0:
  99              	.LFB42:
 116:Drivers/STM32F0xx_StdPeriph_Driver/src/stm32f0xx_crc.c **** 
 117:Drivers/STM32F0xx_StdPeriph_Driver/src/stm32f0xx_crc.c **** /**
 118:Drivers/STM32F0xx_StdPeriph_Driver/src/stm32f0xx_crc.c ****   * @brief  Selects the reverse operation to be performed on input data.
 119:Drivers/STM32F0xx_StdPeriph_Driver/src/stm32f0xx_crc.c ****   * @param  CRC_ReverseInputData: Specifies the reverse operation on input data.
 120:Drivers/STM32F0xx_StdPeriph_Driver/src/stm32f0xx_crc.c ****   *         This parameter can be:
 121:Drivers/STM32F0xx_StdPeriph_Driver/src/stm32f0xx_crc.c ****   *      @arg CRC_ReverseInputData_No: No reverse operation is performed
 122:Drivers/STM32F0xx_StdPeriph_Driver/src/stm32f0xx_crc.c ****   *      @arg CRC_ReverseInputData_8bits: reverse operation performed on 8 bits
 123:Drivers/STM32F0xx_StdPeriph_Driver/src/stm32f0xx_crc.c ****   *      @arg CRC_ReverseInputData_16bits: reverse operation performed on 16 bits
 124:Drivers/STM32F0xx_StdPeriph_Driver/src/stm32f0xx_crc.c ****   *      @arg CRC_ReverseInputData_32bits: reverse operation performed on 32 bits
 125:Drivers/STM32F0xx_StdPeriph_Driver/src/stm32f0xx_crc.c ****   * @retval None
 126:Drivers/STM32F0xx_StdPeriph_Driver/src/stm32f0xx_crc.c ****   */
 127:Drivers/STM32F0xx_StdPeriph_Driver/src/stm32f0xx_crc.c **** void CRC_ReverseInputDataSelect(uint32_t CRC_ReverseInputData)
 128:Drivers/STM32F0xx_StdPeriph_Driver/src/stm32f0xx_crc.c **** {
 100              		.loc 1 128 1 is_stmt 1 view -0
 101              		.cfi_startproc
 102              		@ args = 0, pretend = 0, frame = 0
 103              		@ frame_needed = 0, uses_anonymous_args = 0
 104              		@ link register save eliminated.
 129:Drivers/STM32F0xx_StdPeriph_Driver/src/stm32f0xx_crc.c ****   uint32_t tmpcr = 0;
ARM GAS  /tmp/ccehXcw6.s 			page 5


 105              		.loc 1 129 3 view .LVU15
 130:Drivers/STM32F0xx_StdPeriph_Driver/src/stm32f0xx_crc.c **** 
 131:Drivers/STM32F0xx_StdPeriph_Driver/src/stm32f0xx_crc.c ****   /* Check the parameter */
 132:Drivers/STM32F0xx_StdPeriph_Driver/src/stm32f0xx_crc.c ****   assert_param(IS_CRC_REVERSE_INPUT_DATA(CRC_ReverseInputData));
 106              		.loc 1 132 3 view .LVU16
 133:Drivers/STM32F0xx_StdPeriph_Driver/src/stm32f0xx_crc.c **** 
 134:Drivers/STM32F0xx_StdPeriph_Driver/src/stm32f0xx_crc.c ****   /* Get CR register value */
 135:Drivers/STM32F0xx_StdPeriph_Driver/src/stm32f0xx_crc.c ****   tmpcr = CRC->CR;
 107              		.loc 1 135 3 view .LVU17
 108              		.loc 1 135 9 is_stmt 0 view .LVU18
 109 0000 034A     		ldr	r2, .L8
 110 0002 9368     		ldr	r3, [r2, #8]
 111              	.LVL1:
 136:Drivers/STM32F0xx_StdPeriph_Driver/src/stm32f0xx_crc.c **** 
 137:Drivers/STM32F0xx_StdPeriph_Driver/src/stm32f0xx_crc.c ****   /* Reset REV_IN bits */
 138:Drivers/STM32F0xx_StdPeriph_Driver/src/stm32f0xx_crc.c ****   tmpcr &= (uint32_t)~((uint32_t)CRC_CR_REV_IN);
 112              		.loc 1 138 3 is_stmt 1 view .LVU19
 113              		.loc 1 138 9 is_stmt 0 view .LVU20
 114 0004 6021     		movs	r1, #96
 115 0006 8B43     		bics	r3, r1
 116              	.LVL2:
 139:Drivers/STM32F0xx_StdPeriph_Driver/src/stm32f0xx_crc.c ****   /* Set the reverse operation */
 140:Drivers/STM32F0xx_StdPeriph_Driver/src/stm32f0xx_crc.c ****   tmpcr |= (uint32_t)CRC_ReverseInputData;
 117              		.loc 1 140 3 is_stmt 1 view .LVU21
 118              		.loc 1 140 9 is_stmt 0 view .LVU22
 119 0008 0343     		orrs	r3, r0
 120              	.LVL3:
 141:Drivers/STM32F0xx_StdPeriph_Driver/src/stm32f0xx_crc.c **** 
 142:Drivers/STM32F0xx_StdPeriph_Driver/src/stm32f0xx_crc.c ****   /* Write to CR register */
 143:Drivers/STM32F0xx_StdPeriph_Driver/src/stm32f0xx_crc.c ****   CRC->CR = (uint32_t)tmpcr;
 121              		.loc 1 143 3 is_stmt 1 view .LVU23
 122              		.loc 1 143 11 is_stmt 0 view .LVU24
 123 000a 9360     		str	r3, [r2, #8]
 144:Drivers/STM32F0xx_StdPeriph_Driver/src/stm32f0xx_crc.c **** }
 124              		.loc 1 144 1 view .LVU25
 125              		@ sp needed
 126 000c 7047     		bx	lr
 127              	.L9:
 128 000e C046     		.align	2
 129              	.L8:
 130 0010 00300240 		.word	1073885184
 131              		.cfi_endproc
 132              	.LFE42:
 134              		.section	.text.CRC_ReverseOutputDataCmd,"ax",%progbits
 135              		.align	1
 136              		.global	CRC_ReverseOutputDataCmd
 137              		.syntax unified
 138              		.code	16
 139              		.thumb_func
 140              		.fpu softvfp
 142              	CRC_ReverseOutputDataCmd:
 143              	.LVL4:
 144              	.LFB43:
 145:Drivers/STM32F0xx_StdPeriph_Driver/src/stm32f0xx_crc.c **** 
 146:Drivers/STM32F0xx_StdPeriph_Driver/src/stm32f0xx_crc.c **** /**
 147:Drivers/STM32F0xx_StdPeriph_Driver/src/stm32f0xx_crc.c ****   * @brief  Enables or disable the reverse operation on output data.
 148:Drivers/STM32F0xx_StdPeriph_Driver/src/stm32f0xx_crc.c ****   *         The reverse operation on output data is performed on 32-bit.
ARM GAS  /tmp/ccehXcw6.s 			page 6


 149:Drivers/STM32F0xx_StdPeriph_Driver/src/stm32f0xx_crc.c ****   * @param  NewState: new state of the reverse operation on output data.
 150:Drivers/STM32F0xx_StdPeriph_Driver/src/stm32f0xx_crc.c ****   *   This parameter can be: ENABLE or DISABLE.
 151:Drivers/STM32F0xx_StdPeriph_Driver/src/stm32f0xx_crc.c ****   * @retval None
 152:Drivers/STM32F0xx_StdPeriph_Driver/src/stm32f0xx_crc.c ****   */
 153:Drivers/STM32F0xx_StdPeriph_Driver/src/stm32f0xx_crc.c **** void CRC_ReverseOutputDataCmd(FunctionalState NewState)
 154:Drivers/STM32F0xx_StdPeriph_Driver/src/stm32f0xx_crc.c **** {
 145              		.loc 1 154 1 is_stmt 1 view -0
 146              		.cfi_startproc
 147              		@ args = 0, pretend = 0, frame = 0
 148              		@ frame_needed = 0, uses_anonymous_args = 0
 149              		@ link register save eliminated.
 155:Drivers/STM32F0xx_StdPeriph_Driver/src/stm32f0xx_crc.c ****   /* Check the parameters */
 156:Drivers/STM32F0xx_StdPeriph_Driver/src/stm32f0xx_crc.c ****   assert_param(IS_FUNCTIONAL_STATE(NewState));
 150              		.loc 1 156 3 view .LVU27
 157:Drivers/STM32F0xx_StdPeriph_Driver/src/stm32f0xx_crc.c **** 
 158:Drivers/STM32F0xx_StdPeriph_Driver/src/stm32f0xx_crc.c ****   if (NewState != DISABLE)
 151              		.loc 1 158 3 view .LVU28
 152              		.loc 1 158 6 is_stmt 0 view .LVU29
 153 0000 0028     		cmp	r0, #0
 154 0002 05D0     		beq	.L11
 159:Drivers/STM32F0xx_StdPeriph_Driver/src/stm32f0xx_crc.c ****   {
 160:Drivers/STM32F0xx_StdPeriph_Driver/src/stm32f0xx_crc.c ****     /* Enable reverse operation on output data */
 161:Drivers/STM32F0xx_StdPeriph_Driver/src/stm32f0xx_crc.c ****     CRC->CR |= CRC_CR_REV_OUT;
 155              		.loc 1 161 5 is_stmt 1 view .LVU30
 156              		.loc 1 161 13 is_stmt 0 view .LVU31
 157 0004 054A     		ldr	r2, .L13
 158 0006 9368     		ldr	r3, [r2, #8]
 159 0008 8021     		movs	r1, #128
 160 000a 0B43     		orrs	r3, r1
 161 000c 9360     		str	r3, [r2, #8]
 162              	.L10:
 162:Drivers/STM32F0xx_StdPeriph_Driver/src/stm32f0xx_crc.c ****   }
 163:Drivers/STM32F0xx_StdPeriph_Driver/src/stm32f0xx_crc.c ****   else
 164:Drivers/STM32F0xx_StdPeriph_Driver/src/stm32f0xx_crc.c ****   {
 165:Drivers/STM32F0xx_StdPeriph_Driver/src/stm32f0xx_crc.c ****     /* Disable reverse operation on output data */
 166:Drivers/STM32F0xx_StdPeriph_Driver/src/stm32f0xx_crc.c ****     CRC->CR &= (uint32_t)~((uint32_t)CRC_CR_REV_OUT);
 167:Drivers/STM32F0xx_StdPeriph_Driver/src/stm32f0xx_crc.c ****   }
 168:Drivers/STM32F0xx_StdPeriph_Driver/src/stm32f0xx_crc.c **** }
 163              		.loc 1 168 1 view .LVU32
 164              		@ sp needed
 165 000e 7047     		bx	lr
 166              	.L11:
 166:Drivers/STM32F0xx_StdPeriph_Driver/src/stm32f0xx_crc.c ****   }
 167              		.loc 1 166 5 is_stmt 1 view .LVU33
 166:Drivers/STM32F0xx_StdPeriph_Driver/src/stm32f0xx_crc.c ****   }
 168              		.loc 1 166 13 is_stmt 0 view .LVU34
 169 0010 024A     		ldr	r2, .L13
 170 0012 9368     		ldr	r3, [r2, #8]
 171 0014 8021     		movs	r1, #128
 172 0016 8B43     		bics	r3, r1
 173 0018 9360     		str	r3, [r2, #8]
 174              		.loc 1 168 1 view .LVU35
 175 001a F8E7     		b	.L10
 176              	.L14:
 177              		.align	2
 178              	.L13:
 179 001c 00300240 		.word	1073885184
ARM GAS  /tmp/ccehXcw6.s 			page 7


 180              		.cfi_endproc
 181              	.LFE43:
 183              		.section	.text.CRC_SetInitRegister,"ax",%progbits
 184              		.align	1
 185              		.global	CRC_SetInitRegister
 186              		.syntax unified
 187              		.code	16
 188              		.thumb_func
 189              		.fpu softvfp
 191              	CRC_SetInitRegister:
 192              	.LVL5:
 193              	.LFB44:
 169:Drivers/STM32F0xx_StdPeriph_Driver/src/stm32f0xx_crc.c **** 
 170:Drivers/STM32F0xx_StdPeriph_Driver/src/stm32f0xx_crc.c **** /**
 171:Drivers/STM32F0xx_StdPeriph_Driver/src/stm32f0xx_crc.c ****   * @brief  Initializes the INIT register.
 172:Drivers/STM32F0xx_StdPeriph_Driver/src/stm32f0xx_crc.c ****   * @note   After resetting CRC calculation unit, CRC_InitValue is stored in DR register
 173:Drivers/STM32F0xx_StdPeriph_Driver/src/stm32f0xx_crc.c ****   * @param  CRC_InitValue: Programmable initial CRC value
 174:Drivers/STM32F0xx_StdPeriph_Driver/src/stm32f0xx_crc.c ****   * @retval None
 175:Drivers/STM32F0xx_StdPeriph_Driver/src/stm32f0xx_crc.c ****   */
 176:Drivers/STM32F0xx_StdPeriph_Driver/src/stm32f0xx_crc.c **** void CRC_SetInitRegister(uint32_t CRC_InitValue)
 177:Drivers/STM32F0xx_StdPeriph_Driver/src/stm32f0xx_crc.c **** {
 194              		.loc 1 177 1 is_stmt 1 view -0
 195              		.cfi_startproc
 196              		@ args = 0, pretend = 0, frame = 0
 197              		@ frame_needed = 0, uses_anonymous_args = 0
 198              		@ link register save eliminated.
 178:Drivers/STM32F0xx_StdPeriph_Driver/src/stm32f0xx_crc.c ****   CRC->INIT = CRC_InitValue;
 199              		.loc 1 178 3 view .LVU37
 200              		.loc 1 178 13 is_stmt 0 view .LVU38
 201 0000 014B     		ldr	r3, .L16
 202 0002 1861     		str	r0, [r3, #16]
 179:Drivers/STM32F0xx_StdPeriph_Driver/src/stm32f0xx_crc.c **** }
 203              		.loc 1 179 1 view .LVU39
 204              		@ sp needed
 205 0004 7047     		bx	lr
 206              	.L17:
 207 0006 C046     		.align	2
 208              	.L16:
 209 0008 00300240 		.word	1073885184
 210              		.cfi_endproc
 211              	.LFE44:
 213              		.section	.text.CRC_CalcCRC,"ax",%progbits
 214              		.align	1
 215              		.global	CRC_CalcCRC
 216              		.syntax unified
 217              		.code	16
 218              		.thumb_func
 219              		.fpu softvfp
 221              	CRC_CalcCRC:
 222              	.LVL6:
 223              	.LFB45:
 180:Drivers/STM32F0xx_StdPeriph_Driver/src/stm32f0xx_crc.c **** 
 181:Drivers/STM32F0xx_StdPeriph_Driver/src/stm32f0xx_crc.c **** /**
 182:Drivers/STM32F0xx_StdPeriph_Driver/src/stm32f0xx_crc.c ****   * @}
 183:Drivers/STM32F0xx_StdPeriph_Driver/src/stm32f0xx_crc.c ****   */
 184:Drivers/STM32F0xx_StdPeriph_Driver/src/stm32f0xx_crc.c **** 
 185:Drivers/STM32F0xx_StdPeriph_Driver/src/stm32f0xx_crc.c **** /** @defgroup CRC_Group2 CRC computation of one/many 32-bit data functions
ARM GAS  /tmp/ccehXcw6.s 			page 8


 186:Drivers/STM32F0xx_StdPeriph_Driver/src/stm32f0xx_crc.c ****  *  @brief   CRC computation of one/many 32-bit data functions
 187:Drivers/STM32F0xx_StdPeriph_Driver/src/stm32f0xx_crc.c ****  *
 188:Drivers/STM32F0xx_StdPeriph_Driver/src/stm32f0xx_crc.c **** @verbatim
 189:Drivers/STM32F0xx_StdPeriph_Driver/src/stm32f0xx_crc.c ****  ===============================================================================
 190:Drivers/STM32F0xx_StdPeriph_Driver/src/stm32f0xx_crc.c ****                      ##### CRC computation functions #####
 191:Drivers/STM32F0xx_StdPeriph_Driver/src/stm32f0xx_crc.c ****  ===============================================================================
 192:Drivers/STM32F0xx_StdPeriph_Driver/src/stm32f0xx_crc.c **** 
 193:Drivers/STM32F0xx_StdPeriph_Driver/src/stm32f0xx_crc.c **** @endverbatim
 194:Drivers/STM32F0xx_StdPeriph_Driver/src/stm32f0xx_crc.c ****   * @{
 195:Drivers/STM32F0xx_StdPeriph_Driver/src/stm32f0xx_crc.c ****   */
 196:Drivers/STM32F0xx_StdPeriph_Driver/src/stm32f0xx_crc.c **** 
 197:Drivers/STM32F0xx_StdPeriph_Driver/src/stm32f0xx_crc.c **** /**
 198:Drivers/STM32F0xx_StdPeriph_Driver/src/stm32f0xx_crc.c ****   * @brief  Computes the 32-bit CRC of a given data word(32-bit).
 199:Drivers/STM32F0xx_StdPeriph_Driver/src/stm32f0xx_crc.c ****   * @param  CRC_Data: data word(32-bit) to compute its CRC
 200:Drivers/STM32F0xx_StdPeriph_Driver/src/stm32f0xx_crc.c ****   * @retval 32-bit CRC
 201:Drivers/STM32F0xx_StdPeriph_Driver/src/stm32f0xx_crc.c ****   */
 202:Drivers/STM32F0xx_StdPeriph_Driver/src/stm32f0xx_crc.c **** uint32_t CRC_CalcCRC(uint32_t CRC_Data)
 203:Drivers/STM32F0xx_StdPeriph_Driver/src/stm32f0xx_crc.c **** {
 224              		.loc 1 203 1 is_stmt 1 view -0
 225              		.cfi_startproc
 226              		@ args = 0, pretend = 0, frame = 0
 227              		@ frame_needed = 0, uses_anonymous_args = 0
 228              		@ link register save eliminated.
 204:Drivers/STM32F0xx_StdPeriph_Driver/src/stm32f0xx_crc.c ****   CRC->DR = CRC_Data;
 229              		.loc 1 204 3 view .LVU41
 230              		.loc 1 204 11 is_stmt 0 view .LVU42
 231 0000 014B     		ldr	r3, .L19
 232 0002 1860     		str	r0, [r3]
 205:Drivers/STM32F0xx_StdPeriph_Driver/src/stm32f0xx_crc.c ****   
 206:Drivers/STM32F0xx_StdPeriph_Driver/src/stm32f0xx_crc.c ****   return (CRC->DR);
 233              		.loc 1 206 3 is_stmt 1 view .LVU43
 234              		.loc 1 206 14 is_stmt 0 view .LVU44
 235 0004 1868     		ldr	r0, [r3]
 236              	.LVL7:
 207:Drivers/STM32F0xx_StdPeriph_Driver/src/stm32f0xx_crc.c **** }
 237              		.loc 1 207 1 view .LVU45
 238              		@ sp needed
 239 0006 7047     		bx	lr
 240              	.L20:
 241              		.align	2
 242              	.L19:
 243 0008 00300240 		.word	1073885184
 244              		.cfi_endproc
 245              	.LFE45:
 247              		.section	.text.CRC_CalcBlockCRC,"ax",%progbits
 248              		.align	1
 249              		.global	CRC_CalcBlockCRC
 250              		.syntax unified
 251              		.code	16
 252              		.thumb_func
 253              		.fpu softvfp
 255              	CRC_CalcBlockCRC:
 256              	.LVL8:
 257              	.LFB46:
 208:Drivers/STM32F0xx_StdPeriph_Driver/src/stm32f0xx_crc.c **** 
 209:Drivers/STM32F0xx_StdPeriph_Driver/src/stm32f0xx_crc.c **** /**
 210:Drivers/STM32F0xx_StdPeriph_Driver/src/stm32f0xx_crc.c ****   * @brief  Computes the 32-bit CRC of a given buffer of data word(32-bit).
ARM GAS  /tmp/ccehXcw6.s 			page 9


 211:Drivers/STM32F0xx_StdPeriph_Driver/src/stm32f0xx_crc.c ****   * @param  pBuffer: pointer to the buffer containing the data to be computed
 212:Drivers/STM32F0xx_StdPeriph_Driver/src/stm32f0xx_crc.c ****   * @param  BufferLength: length of the buffer to be computed
 213:Drivers/STM32F0xx_StdPeriph_Driver/src/stm32f0xx_crc.c ****   * @retval 32-bit CRC
 214:Drivers/STM32F0xx_StdPeriph_Driver/src/stm32f0xx_crc.c ****   */
 215:Drivers/STM32F0xx_StdPeriph_Driver/src/stm32f0xx_crc.c **** uint32_t CRC_CalcBlockCRC(uint32_t pBuffer[], uint32_t BufferLength)
 216:Drivers/STM32F0xx_StdPeriph_Driver/src/stm32f0xx_crc.c **** {
 258              		.loc 1 216 1 is_stmt 1 view -0
 259              		.cfi_startproc
 260              		@ args = 0, pretend = 0, frame = 0
 261              		@ frame_needed = 0, uses_anonymous_args = 0
 262              		.loc 1 216 1 is_stmt 0 view .LVU47
 263 0000 10B5     		push	{r4, lr}
 264              	.LCFI0:
 265              		.cfi_def_cfa_offset 8
 266              		.cfi_offset 4, -8
 267              		.cfi_offset 14, -4
 217:Drivers/STM32F0xx_StdPeriph_Driver/src/stm32f0xx_crc.c ****   uint32_t index = 0;
 268              		.loc 1 217 3 is_stmt 1 view .LVU48
 269              	.LVL9:
 218:Drivers/STM32F0xx_StdPeriph_Driver/src/stm32f0xx_crc.c ****   
 219:Drivers/STM32F0xx_StdPeriph_Driver/src/stm32f0xx_crc.c ****   for(index = 0; index < BufferLength; index++)
 270              		.loc 1 219 3 view .LVU49
 271              		.loc 1 219 13 is_stmt 0 view .LVU50
 272 0002 0023     		movs	r3, #0
 273              	.LVL10:
 274              	.L22:
 275              		.loc 1 219 18 is_stmt 1 discriminator 1 view .LVU51
 276              		.loc 1 219 3 is_stmt 0 discriminator 1 view .LVU52
 277 0004 8B42     		cmp	r3, r1
 278 0006 05D2     		bcs	.L24
 220:Drivers/STM32F0xx_StdPeriph_Driver/src/stm32f0xx_crc.c ****   {
 221:Drivers/STM32F0xx_StdPeriph_Driver/src/stm32f0xx_crc.c ****     CRC->DR = pBuffer[index];
 279              		.loc 1 221 5 is_stmt 1 discriminator 3 view .LVU53
 280              		.loc 1 221 22 is_stmt 0 discriminator 3 view .LVU54
 281 0008 9A00     		lsls	r2, r3, #2
 282 000a 1458     		ldr	r4, [r2, r0]
 283              		.loc 1 221 13 discriminator 3 view .LVU55
 284 000c 034A     		ldr	r2, .L25
 285 000e 1460     		str	r4, [r2]
 219:Drivers/STM32F0xx_StdPeriph_Driver/src/stm32f0xx_crc.c ****   {
 286              		.loc 1 219 40 is_stmt 1 discriminator 3 view .LVU56
 219:Drivers/STM32F0xx_StdPeriph_Driver/src/stm32f0xx_crc.c ****   {
 287              		.loc 1 219 45 is_stmt 0 discriminator 3 view .LVU57
 288 0010 0133     		adds	r3, r3, #1
 289              	.LVL11:
 219:Drivers/STM32F0xx_StdPeriph_Driver/src/stm32f0xx_crc.c ****   {
 290              		.loc 1 219 45 discriminator 3 view .LVU58
 291 0012 F7E7     		b	.L22
 292              	.L24:
 222:Drivers/STM32F0xx_StdPeriph_Driver/src/stm32f0xx_crc.c ****   }
 223:Drivers/STM32F0xx_StdPeriph_Driver/src/stm32f0xx_crc.c ****   return (CRC->DR);
 293              		.loc 1 223 3 is_stmt 1 view .LVU59
 294              		.loc 1 223 14 is_stmt 0 view .LVU60
 295 0014 014B     		ldr	r3, .L25
 296              	.LVL12:
 297              		.loc 1 223 14 view .LVU61
 298 0016 1868     		ldr	r0, [r3]
ARM GAS  /tmp/ccehXcw6.s 			page 10


 299              	.LVL13:
 224:Drivers/STM32F0xx_StdPeriph_Driver/src/stm32f0xx_crc.c **** }
 300              		.loc 1 224 1 view .LVU62
 301              		@ sp needed
 302 0018 10BD     		pop	{r4, pc}
 303              	.L26:
 304 001a C046     		.align	2
 305              	.L25:
 306 001c 00300240 		.word	1073885184
 307              		.cfi_endproc
 308              	.LFE46:
 310              		.section	.text.CRC_GetCRC,"ax",%progbits
 311              		.align	1
 312              		.global	CRC_GetCRC
 313              		.syntax unified
 314              		.code	16
 315              		.thumb_func
 316              		.fpu softvfp
 318              	CRC_GetCRC:
 319              	.LFB47:
 225:Drivers/STM32F0xx_StdPeriph_Driver/src/stm32f0xx_crc.c **** 
 226:Drivers/STM32F0xx_StdPeriph_Driver/src/stm32f0xx_crc.c **** /**
 227:Drivers/STM32F0xx_StdPeriph_Driver/src/stm32f0xx_crc.c ****   * @brief  Returns the current CRC value.
 228:Drivers/STM32F0xx_StdPeriph_Driver/src/stm32f0xx_crc.c ****   * @param  None
 229:Drivers/STM32F0xx_StdPeriph_Driver/src/stm32f0xx_crc.c ****   * @retval 32-bit CRC
 230:Drivers/STM32F0xx_StdPeriph_Driver/src/stm32f0xx_crc.c ****   */
 231:Drivers/STM32F0xx_StdPeriph_Driver/src/stm32f0xx_crc.c **** uint32_t CRC_GetCRC(void)
 232:Drivers/STM32F0xx_StdPeriph_Driver/src/stm32f0xx_crc.c **** {
 320              		.loc 1 232 1 is_stmt 1 view -0
 321              		.cfi_startproc
 322              		@ args = 0, pretend = 0, frame = 0
 323              		@ frame_needed = 0, uses_anonymous_args = 0
 324              		@ link register save eliminated.
 233:Drivers/STM32F0xx_StdPeriph_Driver/src/stm32f0xx_crc.c ****   return (CRC->DR);
 325              		.loc 1 233 3 view .LVU64
 326              		.loc 1 233 14 is_stmt 0 view .LVU65
 327 0000 014B     		ldr	r3, .L28
 328 0002 1868     		ldr	r0, [r3]
 234:Drivers/STM32F0xx_StdPeriph_Driver/src/stm32f0xx_crc.c **** }
 329              		.loc 1 234 1 view .LVU66
 330              		@ sp needed
 331 0004 7047     		bx	lr
 332              	.L29:
 333 0006 C046     		.align	2
 334              	.L28:
 335 0008 00300240 		.word	1073885184
 336              		.cfi_endproc
 337              	.LFE47:
 339              		.section	.text.CRC_SetIDRegister,"ax",%progbits
 340              		.align	1
 341              		.global	CRC_SetIDRegister
 342              		.syntax unified
 343              		.code	16
 344              		.thumb_func
 345              		.fpu softvfp
 347              	CRC_SetIDRegister:
 348              	.LVL14:
ARM GAS  /tmp/ccehXcw6.s 			page 11


 349              	.LFB48:
 235:Drivers/STM32F0xx_StdPeriph_Driver/src/stm32f0xx_crc.c **** 
 236:Drivers/STM32F0xx_StdPeriph_Driver/src/stm32f0xx_crc.c **** /**
 237:Drivers/STM32F0xx_StdPeriph_Driver/src/stm32f0xx_crc.c ****   * @}
 238:Drivers/STM32F0xx_StdPeriph_Driver/src/stm32f0xx_crc.c ****   */
 239:Drivers/STM32F0xx_StdPeriph_Driver/src/stm32f0xx_crc.c **** 
 240:Drivers/STM32F0xx_StdPeriph_Driver/src/stm32f0xx_crc.c **** /** @defgroup CRC_Group3 CRC Independent Register (IDR) access functions
 241:Drivers/STM32F0xx_StdPeriph_Driver/src/stm32f0xx_crc.c ****  *  @brief   CRC Independent Register (IDR) access (write/read) functions
 242:Drivers/STM32F0xx_StdPeriph_Driver/src/stm32f0xx_crc.c ****  *
 243:Drivers/STM32F0xx_StdPeriph_Driver/src/stm32f0xx_crc.c **** @verbatim
 244:Drivers/STM32F0xx_StdPeriph_Driver/src/stm32f0xx_crc.c ****  ===============================================================================
 245:Drivers/STM32F0xx_StdPeriph_Driver/src/stm32f0xx_crc.c ****            ##### CRC Independent Register (IDR) access functions #####
 246:Drivers/STM32F0xx_StdPeriph_Driver/src/stm32f0xx_crc.c ****  ===============================================================================
 247:Drivers/STM32F0xx_StdPeriph_Driver/src/stm32f0xx_crc.c **** 
 248:Drivers/STM32F0xx_StdPeriph_Driver/src/stm32f0xx_crc.c **** @endverbatim
 249:Drivers/STM32F0xx_StdPeriph_Driver/src/stm32f0xx_crc.c ****   * @{
 250:Drivers/STM32F0xx_StdPeriph_Driver/src/stm32f0xx_crc.c ****   */
 251:Drivers/STM32F0xx_StdPeriph_Driver/src/stm32f0xx_crc.c **** 
 252:Drivers/STM32F0xx_StdPeriph_Driver/src/stm32f0xx_crc.c **** /**
 253:Drivers/STM32F0xx_StdPeriph_Driver/src/stm32f0xx_crc.c ****   * @brief  Stores an 8-bit data in the Independent Data(ID) register.
 254:Drivers/STM32F0xx_StdPeriph_Driver/src/stm32f0xx_crc.c ****   * @param  CRC_IDValue: 8-bit value to be stored in the ID register 					
 255:Drivers/STM32F0xx_StdPeriph_Driver/src/stm32f0xx_crc.c ****   * @retval None
 256:Drivers/STM32F0xx_StdPeriph_Driver/src/stm32f0xx_crc.c ****   */
 257:Drivers/STM32F0xx_StdPeriph_Driver/src/stm32f0xx_crc.c **** void CRC_SetIDRegister(uint8_t CRC_IDValue)
 258:Drivers/STM32F0xx_StdPeriph_Driver/src/stm32f0xx_crc.c **** {
 350              		.loc 1 258 1 is_stmt 1 view -0
 351              		.cfi_startproc
 352              		@ args = 0, pretend = 0, frame = 0
 353              		@ frame_needed = 0, uses_anonymous_args = 0
 354              		@ link register save eliminated.
 259:Drivers/STM32F0xx_StdPeriph_Driver/src/stm32f0xx_crc.c ****   CRC->IDR = CRC_IDValue;
 355              		.loc 1 259 3 view .LVU68
 356              		.loc 1 259 12 is_stmt 0 view .LVU69
 357 0000 014B     		ldr	r3, .L31
 358 0002 1871     		strb	r0, [r3, #4]
 260:Drivers/STM32F0xx_StdPeriph_Driver/src/stm32f0xx_crc.c **** }
 359              		.loc 1 260 1 view .LVU70
 360              		@ sp needed
 361 0004 7047     		bx	lr
 362              	.L32:
 363 0006 C046     		.align	2
 364              	.L31:
 365 0008 00300240 		.word	1073885184
 366              		.cfi_endproc
 367              	.LFE48:
 369              		.section	.text.CRC_GetIDRegister,"ax",%progbits
 370              		.align	1
 371              		.global	CRC_GetIDRegister
 372              		.syntax unified
 373              		.code	16
 374              		.thumb_func
 375              		.fpu softvfp
 377              	CRC_GetIDRegister:
 378              	.LFB49:
 261:Drivers/STM32F0xx_StdPeriph_Driver/src/stm32f0xx_crc.c **** 
 262:Drivers/STM32F0xx_StdPeriph_Driver/src/stm32f0xx_crc.c **** /**
 263:Drivers/STM32F0xx_StdPeriph_Driver/src/stm32f0xx_crc.c ****   * @brief  Returns the 8-bit data stored in the Independent Data(ID) register
ARM GAS  /tmp/ccehXcw6.s 			page 12


 264:Drivers/STM32F0xx_StdPeriph_Driver/src/stm32f0xx_crc.c ****   * @param  None
 265:Drivers/STM32F0xx_StdPeriph_Driver/src/stm32f0xx_crc.c ****   * @retval 8-bit value of the ID register 
 266:Drivers/STM32F0xx_StdPeriph_Driver/src/stm32f0xx_crc.c ****   */
 267:Drivers/STM32F0xx_StdPeriph_Driver/src/stm32f0xx_crc.c **** uint8_t CRC_GetIDRegister(void)
 268:Drivers/STM32F0xx_StdPeriph_Driver/src/stm32f0xx_crc.c **** {
 379              		.loc 1 268 1 is_stmt 1 view -0
 380              		.cfi_startproc
 381              		@ args = 0, pretend = 0, frame = 0
 382              		@ frame_needed = 0, uses_anonymous_args = 0
 383              		@ link register save eliminated.
 269:Drivers/STM32F0xx_StdPeriph_Driver/src/stm32f0xx_crc.c ****   return (CRC->IDR);
 384              		.loc 1 269 3 view .LVU72
 385              		.loc 1 269 14 is_stmt 0 view .LVU73
 386 0000 014B     		ldr	r3, .L34
 387 0002 1879     		ldrb	r0, [r3, #4]
 388 0004 C0B2     		uxtb	r0, r0
 270:Drivers/STM32F0xx_StdPeriph_Driver/src/stm32f0xx_crc.c **** }
 389              		.loc 1 270 1 view .LVU74
 390              		@ sp needed
 391 0006 7047     		bx	lr
 392              	.L35:
 393              		.align	2
 394              	.L34:
 395 0008 00300240 		.word	1073885184
 396              		.cfi_endproc
 397              	.LFE49:
 399              		.text
 400              	.Letext0:
 401              		.file 2 "/usr/arm-none-eabi/include/machine/_default_types.h"
 402              		.file 3 "/usr/arm-none-eabi/include/sys/_stdint.h"
 403              		.file 4 "Drivers/CMSIS/Device/ST/STM32F0xx/Include/stm32f0xx.h"
 404              		.file 5 "Drivers/CMSIS/Device/ST/STM32F0xx/Include/system_stm32f0xx.h"
ARM GAS  /tmp/ccehXcw6.s 			page 13


DEFINED SYMBOLS
                            *ABS*:0000000000000000 stm32f0xx_crc.c
     /tmp/ccehXcw6.s:16     .text.CRC_DeInit:0000000000000000 $t
     /tmp/ccehXcw6.s:24     .text.CRC_DeInit:0000000000000000 CRC_DeInit
     /tmp/ccehXcw6.s:55     .text.CRC_DeInit:0000000000000014 $d
     /tmp/ccehXcw6.s:60     .text.CRC_ResetDR:0000000000000000 $t
     /tmp/ccehXcw6.s:67     .text.CRC_ResetDR:0000000000000000 CRC_ResetDR
     /tmp/ccehXcw6.s:85     .text.CRC_ResetDR:0000000000000008 $d
     /tmp/ccehXcw6.s:90     .text.CRC_ReverseInputDataSelect:0000000000000000 $t
     /tmp/ccehXcw6.s:97     .text.CRC_ReverseInputDataSelect:0000000000000000 CRC_ReverseInputDataSelect
     /tmp/ccehXcw6.s:130    .text.CRC_ReverseInputDataSelect:0000000000000010 $d
     /tmp/ccehXcw6.s:135    .text.CRC_ReverseOutputDataCmd:0000000000000000 $t
     /tmp/ccehXcw6.s:142    .text.CRC_ReverseOutputDataCmd:0000000000000000 CRC_ReverseOutputDataCmd
     /tmp/ccehXcw6.s:179    .text.CRC_ReverseOutputDataCmd:000000000000001c $d
     /tmp/ccehXcw6.s:184    .text.CRC_SetInitRegister:0000000000000000 $t
     /tmp/ccehXcw6.s:191    .text.CRC_SetInitRegister:0000000000000000 CRC_SetInitRegister
     /tmp/ccehXcw6.s:209    .text.CRC_SetInitRegister:0000000000000008 $d
     /tmp/ccehXcw6.s:214    .text.CRC_CalcCRC:0000000000000000 $t
     /tmp/ccehXcw6.s:221    .text.CRC_CalcCRC:0000000000000000 CRC_CalcCRC
     /tmp/ccehXcw6.s:243    .text.CRC_CalcCRC:0000000000000008 $d
     /tmp/ccehXcw6.s:248    .text.CRC_CalcBlockCRC:0000000000000000 $t
     /tmp/ccehXcw6.s:255    .text.CRC_CalcBlockCRC:0000000000000000 CRC_CalcBlockCRC
     /tmp/ccehXcw6.s:306    .text.CRC_CalcBlockCRC:000000000000001c $d
     /tmp/ccehXcw6.s:311    .text.CRC_GetCRC:0000000000000000 $t
     /tmp/ccehXcw6.s:318    .text.CRC_GetCRC:0000000000000000 CRC_GetCRC
     /tmp/ccehXcw6.s:335    .text.CRC_GetCRC:0000000000000008 $d
     /tmp/ccehXcw6.s:340    .text.CRC_SetIDRegister:0000000000000000 $t
     /tmp/ccehXcw6.s:347    .text.CRC_SetIDRegister:0000000000000000 CRC_SetIDRegister
     /tmp/ccehXcw6.s:365    .text.CRC_SetIDRegister:0000000000000008 $d
     /tmp/ccehXcw6.s:370    .text.CRC_GetIDRegister:0000000000000000 $t
     /tmp/ccehXcw6.s:377    .text.CRC_GetIDRegister:0000000000000000 CRC_GetIDRegister
     /tmp/ccehXcw6.s:395    .text.CRC_GetIDRegister:0000000000000008 $d

NO UNDEFINED SYMBOLS
