ARM GAS  /tmp/cc7E5md7.s 			page 1


   1              		.cpu cortex-m0
   2              		.eabi_attribute 20, 1
   3              		.eabi_attribute 21, 1
   4              		.eabi_attribute 23, 3
   5              		.eabi_attribute 24, 1
   6              		.eabi_attribute 25, 1
   7              		.eabi_attribute 26, 1
   8              		.eabi_attribute 30, 1
   9              		.eabi_attribute 34, 0
  10              		.eabi_attribute 18, 4
  11              		.file	"stm32f0xx_syscfg.c"
  12              		.text
  13              	.Ltext0:
  14              		.cfi_sections	.debug_frame
  15              		.section	.text.SYSCFG_DeInit,"ax",%progbits
  16              		.align	1
  17              		.global	SYSCFG_DeInit
  18              		.arch armv6s-m
  19              		.syntax unified
  20              		.code	16
  21              		.thumb_func
  22              		.fpu softvfp
  24              	SYSCFG_DeInit:
  25              	.LFB40:
  26              		.file 1 "Drivers/STM32F0xx_StdPeriph_Driver/src/stm32f0xx_syscfg.c"
   1:Drivers/STM32F0xx_StdPeriph_Driver/src/stm32f0xx_syscfg.c **** /**
   2:Drivers/STM32F0xx_StdPeriph_Driver/src/stm32f0xx_syscfg.c ****   ******************************************************************************
   3:Drivers/STM32F0xx_StdPeriph_Driver/src/stm32f0xx_syscfg.c ****   * @file    stm32f0xx_syscfg.c
   4:Drivers/STM32F0xx_StdPeriph_Driver/src/stm32f0xx_syscfg.c ****   * @author  MCD Application Team
   5:Drivers/STM32F0xx_StdPeriph_Driver/src/stm32f0xx_syscfg.c ****   * @version V1.0.0
   6:Drivers/STM32F0xx_StdPeriph_Driver/src/stm32f0xx_syscfg.c ****   * @date    23-March-2012
   7:Drivers/STM32F0xx_StdPeriph_Driver/src/stm32f0xx_syscfg.c ****   * @brief   This file provides firmware functions to manage the following 
   8:Drivers/STM32F0xx_StdPeriph_Driver/src/stm32f0xx_syscfg.c ****   *          functionalities of the SYSCFG peripheral:
   9:Drivers/STM32F0xx_StdPeriph_Driver/src/stm32f0xx_syscfg.c ****   *           + Remapping the memory mapped at 0x00000000  
  10:Drivers/STM32F0xx_StdPeriph_Driver/src/stm32f0xx_syscfg.c ****   *           + Remapping the DMA channels
  11:Drivers/STM32F0xx_StdPeriph_Driver/src/stm32f0xx_syscfg.c ****   *           + Enabling I2C fast mode plus driving capability for I2C pins   
  12:Drivers/STM32F0xx_StdPeriph_Driver/src/stm32f0xx_syscfg.c ****   *           + Configuring the EXTI lines connection to the GPIO port
  13:Drivers/STM32F0xx_StdPeriph_Driver/src/stm32f0xx_syscfg.c ****   *           + Configuring the CFGR2 features (Connecting some internal signal
  14:Drivers/STM32F0xx_StdPeriph_Driver/src/stm32f0xx_syscfg.c ****   *             to the break input of TIM1)
  15:Drivers/STM32F0xx_StdPeriph_Driver/src/stm32f0xx_syscfg.c ****   *   
  16:Drivers/STM32F0xx_StdPeriph_Driver/src/stm32f0xx_syscfg.c ****   *  @verbatim
  17:Drivers/STM32F0xx_StdPeriph_Driver/src/stm32f0xx_syscfg.c ****  ===============================================================================
  18:Drivers/STM32F0xx_StdPeriph_Driver/src/stm32f0xx_syscfg.c ****                      ##### How to use this driver #####
  19:Drivers/STM32F0xx_StdPeriph_Driver/src/stm32f0xx_syscfg.c ****  ===============================================================================
  20:Drivers/STM32F0xx_StdPeriph_Driver/src/stm32f0xx_syscfg.c ****     [..] 
  21:Drivers/STM32F0xx_StdPeriph_Driver/src/stm32f0xx_syscfg.c ****                The SYSCFG registers can be accessed only when the SYSCFG 
  22:Drivers/STM32F0xx_StdPeriph_Driver/src/stm32f0xx_syscfg.c ****                interface APB clock is enabled.
  23:Drivers/STM32F0xx_StdPeriph_Driver/src/stm32f0xx_syscfg.c ****                To enable SYSCFG APB clock use:
  24:Drivers/STM32F0xx_StdPeriph_Driver/src/stm32f0xx_syscfg.c ****                RCC_APBPeriphClockCmd(RCC_APBPeriph_SYSCFG, ENABLE).
  25:Drivers/STM32F0xx_StdPeriph_Driver/src/stm32f0xx_syscfg.c ****   *  @endverbatim
  26:Drivers/STM32F0xx_StdPeriph_Driver/src/stm32f0xx_syscfg.c ****   *
  27:Drivers/STM32F0xx_StdPeriph_Driver/src/stm32f0xx_syscfg.c ****   ******************************************************************************
  28:Drivers/STM32F0xx_StdPeriph_Driver/src/stm32f0xx_syscfg.c ****   * @attention
  29:Drivers/STM32F0xx_StdPeriph_Driver/src/stm32f0xx_syscfg.c ****   *
  30:Drivers/STM32F0xx_StdPeriph_Driver/src/stm32f0xx_syscfg.c ****   * <h2><center>&copy; COPYRIGHT 2012 STMicroelectronics</center></h2>
  31:Drivers/STM32F0xx_StdPeriph_Driver/src/stm32f0xx_syscfg.c ****   *
  32:Drivers/STM32F0xx_StdPeriph_Driver/src/stm32f0xx_syscfg.c ****   * Licensed under MCD-ST Liberty SW License Agreement V2, (the "License");
ARM GAS  /tmp/cc7E5md7.s 			page 2


  33:Drivers/STM32F0xx_StdPeriph_Driver/src/stm32f0xx_syscfg.c ****   * You may not use this file except in compliance with the License.
  34:Drivers/STM32F0xx_StdPeriph_Driver/src/stm32f0xx_syscfg.c ****   * You may obtain a copy of the License at:
  35:Drivers/STM32F0xx_StdPeriph_Driver/src/stm32f0xx_syscfg.c ****   *
  36:Drivers/STM32F0xx_StdPeriph_Driver/src/stm32f0xx_syscfg.c ****   *        http://www.st.com/software_license_agreement_liberty_v2
  37:Drivers/STM32F0xx_StdPeriph_Driver/src/stm32f0xx_syscfg.c ****   *
  38:Drivers/STM32F0xx_StdPeriph_Driver/src/stm32f0xx_syscfg.c ****   * Unless required by applicable law or agreed to in writing, software 
  39:Drivers/STM32F0xx_StdPeriph_Driver/src/stm32f0xx_syscfg.c ****   * distributed under the License is distributed on an "AS IS" BASIS, 
  40:Drivers/STM32F0xx_StdPeriph_Driver/src/stm32f0xx_syscfg.c ****   * WITHOUT WARRANTIES OR CONDITIONS OF ANY KIND, either express or implied.
  41:Drivers/STM32F0xx_StdPeriph_Driver/src/stm32f0xx_syscfg.c ****   * See the License for the specific language governing permissions and
  42:Drivers/STM32F0xx_StdPeriph_Driver/src/stm32f0xx_syscfg.c ****   * limitations under the License.
  43:Drivers/STM32F0xx_StdPeriph_Driver/src/stm32f0xx_syscfg.c ****   *
  44:Drivers/STM32F0xx_StdPeriph_Driver/src/stm32f0xx_syscfg.c ****   ******************************************************************************
  45:Drivers/STM32F0xx_StdPeriph_Driver/src/stm32f0xx_syscfg.c ****   */
  46:Drivers/STM32F0xx_StdPeriph_Driver/src/stm32f0xx_syscfg.c **** 
  47:Drivers/STM32F0xx_StdPeriph_Driver/src/stm32f0xx_syscfg.c **** /* Includes ------------------------------------------------------------------*/
  48:Drivers/STM32F0xx_StdPeriph_Driver/src/stm32f0xx_syscfg.c **** #include "stm32f0xx_syscfg.h"
  49:Drivers/STM32F0xx_StdPeriph_Driver/src/stm32f0xx_syscfg.c **** 
  50:Drivers/STM32F0xx_StdPeriph_Driver/src/stm32f0xx_syscfg.c **** /** @addtogroup STM32F0xx_StdPeriph_Driver
  51:Drivers/STM32F0xx_StdPeriph_Driver/src/stm32f0xx_syscfg.c ****   * @{
  52:Drivers/STM32F0xx_StdPeriph_Driver/src/stm32f0xx_syscfg.c ****   */
  53:Drivers/STM32F0xx_StdPeriph_Driver/src/stm32f0xx_syscfg.c **** 
  54:Drivers/STM32F0xx_StdPeriph_Driver/src/stm32f0xx_syscfg.c **** /** @defgroup SYSCFG 
  55:Drivers/STM32F0xx_StdPeriph_Driver/src/stm32f0xx_syscfg.c ****   * @brief SYSCFG driver modules
  56:Drivers/STM32F0xx_StdPeriph_Driver/src/stm32f0xx_syscfg.c ****   * @{
  57:Drivers/STM32F0xx_StdPeriph_Driver/src/stm32f0xx_syscfg.c ****   */ 
  58:Drivers/STM32F0xx_StdPeriph_Driver/src/stm32f0xx_syscfg.c **** 
  59:Drivers/STM32F0xx_StdPeriph_Driver/src/stm32f0xx_syscfg.c **** /* Private typedef -----------------------------------------------------------*/
  60:Drivers/STM32F0xx_StdPeriph_Driver/src/stm32f0xx_syscfg.c **** /* Private define ------------------------------------------------------------*/
  61:Drivers/STM32F0xx_StdPeriph_Driver/src/stm32f0xx_syscfg.c **** /* Private macro -------------------------------------------------------------*/
  62:Drivers/STM32F0xx_StdPeriph_Driver/src/stm32f0xx_syscfg.c **** /* Private variables ---------------------------------------------------------*/
  63:Drivers/STM32F0xx_StdPeriph_Driver/src/stm32f0xx_syscfg.c **** /* Private function prototypes -----------------------------------------------*/
  64:Drivers/STM32F0xx_StdPeriph_Driver/src/stm32f0xx_syscfg.c **** /* Private functions ---------------------------------------------------------*/
  65:Drivers/STM32F0xx_StdPeriph_Driver/src/stm32f0xx_syscfg.c **** 
  66:Drivers/STM32F0xx_StdPeriph_Driver/src/stm32f0xx_syscfg.c **** /** @defgroup SYSCFG_Private_Functions
  67:Drivers/STM32F0xx_StdPeriph_Driver/src/stm32f0xx_syscfg.c ****   * @{
  68:Drivers/STM32F0xx_StdPeriph_Driver/src/stm32f0xx_syscfg.c ****   */ 
  69:Drivers/STM32F0xx_StdPeriph_Driver/src/stm32f0xx_syscfg.c **** 
  70:Drivers/STM32F0xx_StdPeriph_Driver/src/stm32f0xx_syscfg.c **** /** @defgroup SYSCFG_Group1 SYSCFG Initialization and Configuration functions
  71:Drivers/STM32F0xx_StdPeriph_Driver/src/stm32f0xx_syscfg.c ****  *  @brief   SYSCFG Initialization and Configuration functions 
  72:Drivers/STM32F0xx_StdPeriph_Driver/src/stm32f0xx_syscfg.c ****  *
  73:Drivers/STM32F0xx_StdPeriph_Driver/src/stm32f0xx_syscfg.c **** @verbatim
  74:Drivers/STM32F0xx_StdPeriph_Driver/src/stm32f0xx_syscfg.c ****  ===============================================================================
  75:Drivers/STM32F0xx_StdPeriph_Driver/src/stm32f0xx_syscfg.c ****         ##### SYSCFG Initialization and Configuration functions #####
  76:Drivers/STM32F0xx_StdPeriph_Driver/src/stm32f0xx_syscfg.c ****  ===============================================================================
  77:Drivers/STM32F0xx_StdPeriph_Driver/src/stm32f0xx_syscfg.c **** 
  78:Drivers/STM32F0xx_StdPeriph_Driver/src/stm32f0xx_syscfg.c **** @endverbatim
  79:Drivers/STM32F0xx_StdPeriph_Driver/src/stm32f0xx_syscfg.c ****   * @{
  80:Drivers/STM32F0xx_StdPeriph_Driver/src/stm32f0xx_syscfg.c ****   */
  81:Drivers/STM32F0xx_StdPeriph_Driver/src/stm32f0xx_syscfg.c **** 
  82:Drivers/STM32F0xx_StdPeriph_Driver/src/stm32f0xx_syscfg.c **** /**
  83:Drivers/STM32F0xx_StdPeriph_Driver/src/stm32f0xx_syscfg.c ****   * @brief  Deinitializes the SYSCFG registers to their default reset values.
  84:Drivers/STM32F0xx_StdPeriph_Driver/src/stm32f0xx_syscfg.c ****   * @param  None
  85:Drivers/STM32F0xx_StdPeriph_Driver/src/stm32f0xx_syscfg.c ****   * @retval None
  86:Drivers/STM32F0xx_StdPeriph_Driver/src/stm32f0xx_syscfg.c ****   * @note   MEM_MODE bits are not affected by APB reset.
  87:Drivers/STM32F0xx_StdPeriph_Driver/src/stm32f0xx_syscfg.c ****   *         MEM_MODE bits took the value from the user option bytes.
  88:Drivers/STM32F0xx_StdPeriph_Driver/src/stm32f0xx_syscfg.c ****   * @note   CFGR2 register is not affected by APB reset.
  89:Drivers/STM32F0xx_StdPeriph_Driver/src/stm32f0xx_syscfg.c ****   *         CLABBB configuration bits are locked when set.
ARM GAS  /tmp/cc7E5md7.s 			page 3


  90:Drivers/STM32F0xx_StdPeriph_Driver/src/stm32f0xx_syscfg.c ****   *         To unlock the configuration, perform a system reset.
  91:Drivers/STM32F0xx_StdPeriph_Driver/src/stm32f0xx_syscfg.c ****   */
  92:Drivers/STM32F0xx_StdPeriph_Driver/src/stm32f0xx_syscfg.c **** void SYSCFG_DeInit(void)
  93:Drivers/STM32F0xx_StdPeriph_Driver/src/stm32f0xx_syscfg.c **** {
  27              		.loc 1 93 1 view -0
  28              		.cfi_startproc
  29              		@ args = 0, pretend = 0, frame = 0
  30              		@ frame_needed = 0, uses_anonymous_args = 0
  31              		@ link register save eliminated.
  94:Drivers/STM32F0xx_StdPeriph_Driver/src/stm32f0xx_syscfg.c ****   /* Set SYSCFG_CFGR1 register to reset value without affecting MEM_MODE bits */
  95:Drivers/STM32F0xx_StdPeriph_Driver/src/stm32f0xx_syscfg.c ****   SYSCFG->CFGR1 &= SYSCFG_CFGR1_MEM_MODE;
  32              		.loc 1 95 3 view .LVU1
  33              		.loc 1 95 17 is_stmt 0 view .LVU2
  34 0000 074B     		ldr	r3, .L2
  35 0002 1968     		ldr	r1, [r3]
  36 0004 0322     		movs	r2, #3
  37 0006 0A40     		ands	r2, r1
  38 0008 1A60     		str	r2, [r3]
  96:Drivers/STM32F0xx_StdPeriph_Driver/src/stm32f0xx_syscfg.c ****   /* Set EXTICRx registers to reset value */
  97:Drivers/STM32F0xx_StdPeriph_Driver/src/stm32f0xx_syscfg.c ****   SYSCFG->EXTICR[0] = 0;
  39              		.loc 1 97 3 is_stmt 1 view .LVU3
  40              		.loc 1 97 21 is_stmt 0 view .LVU4
  41 000a 0022     		movs	r2, #0
  42 000c 9A60     		str	r2, [r3, #8]
  98:Drivers/STM32F0xx_StdPeriph_Driver/src/stm32f0xx_syscfg.c ****   SYSCFG->EXTICR[1] = 0;
  43              		.loc 1 98 3 is_stmt 1 view .LVU5
  44              		.loc 1 98 21 is_stmt 0 view .LVU6
  45 000e DA60     		str	r2, [r3, #12]
  99:Drivers/STM32F0xx_StdPeriph_Driver/src/stm32f0xx_syscfg.c ****   SYSCFG->EXTICR[2] = 0;
  46              		.loc 1 99 3 is_stmt 1 view .LVU7
  47              		.loc 1 99 21 is_stmt 0 view .LVU8
  48 0010 1A61     		str	r2, [r3, #16]
 100:Drivers/STM32F0xx_StdPeriph_Driver/src/stm32f0xx_syscfg.c ****   SYSCFG->EXTICR[3] = 0;
  49              		.loc 1 100 3 is_stmt 1 view .LVU9
  50              		.loc 1 100 21 is_stmt 0 view .LVU10
  51 0012 5A61     		str	r2, [r3, #20]
 101:Drivers/STM32F0xx_StdPeriph_Driver/src/stm32f0xx_syscfg.c ****   /* Set CFGR2 register to reset value: clear SRAM parity error flag */
 102:Drivers/STM32F0xx_StdPeriph_Driver/src/stm32f0xx_syscfg.c ****   SYSCFG->CFGR2 |= (uint32_t) SYSCFG_CFGR2_SRAM_PE;
  52              		.loc 1 102 3 is_stmt 1 view .LVU11
  53              		.loc 1 102 17 is_stmt 0 view .LVU12
  54 0014 9969     		ldr	r1, [r3, #24]
  55 0016 0132     		adds	r2, r2, #1
  56 0018 FF32     		adds	r2, r2, #255
  57 001a 0A43     		orrs	r2, r1
  58 001c 9A61     		str	r2, [r3, #24]
 103:Drivers/STM32F0xx_StdPeriph_Driver/src/stm32f0xx_syscfg.c **** }
  59              		.loc 1 103 1 view .LVU13
  60              		@ sp needed
  61 001e 7047     		bx	lr
  62              	.L3:
  63              		.align	2
  64              	.L2:
  65 0020 00000140 		.word	1073807360
  66              		.cfi_endproc
  67              	.LFE40:
  69              		.section	.text.SYSCFG_MemoryRemapConfig,"ax",%progbits
  70              		.align	1
ARM GAS  /tmp/cc7E5md7.s 			page 4


  71              		.global	SYSCFG_MemoryRemapConfig
  72              		.syntax unified
  73              		.code	16
  74              		.thumb_func
  75              		.fpu softvfp
  77              	SYSCFG_MemoryRemapConfig:
  78              	.LVL0:
  79              	.LFB41:
 104:Drivers/STM32F0xx_StdPeriph_Driver/src/stm32f0xx_syscfg.c **** 
 105:Drivers/STM32F0xx_StdPeriph_Driver/src/stm32f0xx_syscfg.c **** /**
 106:Drivers/STM32F0xx_StdPeriph_Driver/src/stm32f0xx_syscfg.c ****   * @brief  Configures the memory mapping at address 0x00000000.
 107:Drivers/STM32F0xx_StdPeriph_Driver/src/stm32f0xx_syscfg.c ****   * @param  SYSCFG_MemoryRemap: selects the memory remapping.
 108:Drivers/STM32F0xx_StdPeriph_Driver/src/stm32f0xx_syscfg.c ****   *   This parameter can be one of the following values:
 109:Drivers/STM32F0xx_StdPeriph_Driver/src/stm32f0xx_syscfg.c ****   *     @arg SYSCFG_MemoryRemap_Flash: Main Flash memory mapped at 0x00000000  
 110:Drivers/STM32F0xx_StdPeriph_Driver/src/stm32f0xx_syscfg.c ****   *     @arg SYSCFG_MemoryRemap_SystemMemory: System Flash memory mapped at 0x00000000
 111:Drivers/STM32F0xx_StdPeriph_Driver/src/stm32f0xx_syscfg.c ****   *     @arg SYSCFG_MemoryRemap_SRAM: Embedded SRAM mapped at 0x00000000
 112:Drivers/STM32F0xx_StdPeriph_Driver/src/stm32f0xx_syscfg.c ****   * @retval None
 113:Drivers/STM32F0xx_StdPeriph_Driver/src/stm32f0xx_syscfg.c ****   */
 114:Drivers/STM32F0xx_StdPeriph_Driver/src/stm32f0xx_syscfg.c **** void SYSCFG_MemoryRemapConfig(uint32_t SYSCFG_MemoryRemap)
 115:Drivers/STM32F0xx_StdPeriph_Driver/src/stm32f0xx_syscfg.c **** {
  80              		.loc 1 115 1 is_stmt 1 view -0
  81              		.cfi_startproc
  82              		@ args = 0, pretend = 0, frame = 0
  83              		@ frame_needed = 0, uses_anonymous_args = 0
  84              		@ link register save eliminated.
 116:Drivers/STM32F0xx_StdPeriph_Driver/src/stm32f0xx_syscfg.c ****   uint32_t tmpctrl = 0;
  85              		.loc 1 116 3 view .LVU15
 117:Drivers/STM32F0xx_StdPeriph_Driver/src/stm32f0xx_syscfg.c **** 
 118:Drivers/STM32F0xx_StdPeriph_Driver/src/stm32f0xx_syscfg.c ****   /* Check the parameter */
 119:Drivers/STM32F0xx_StdPeriph_Driver/src/stm32f0xx_syscfg.c ****   assert_param(IS_SYSCFG_MEMORY_REMAP(SYSCFG_MemoryRemap));
  86              		.loc 1 119 3 view .LVU16
 120:Drivers/STM32F0xx_StdPeriph_Driver/src/stm32f0xx_syscfg.c **** 
 121:Drivers/STM32F0xx_StdPeriph_Driver/src/stm32f0xx_syscfg.c ****   /* Get CFGR1 register value */
 122:Drivers/STM32F0xx_StdPeriph_Driver/src/stm32f0xx_syscfg.c ****   tmpctrl = SYSCFG->CFGR1;
  87              		.loc 1 122 3 view .LVU17
  88              		.loc 1 122 11 is_stmt 0 view .LVU18
  89 0000 034A     		ldr	r2, .L5
  90 0002 1368     		ldr	r3, [r2]
  91              	.LVL1:
 123:Drivers/STM32F0xx_StdPeriph_Driver/src/stm32f0xx_syscfg.c **** 
 124:Drivers/STM32F0xx_StdPeriph_Driver/src/stm32f0xx_syscfg.c ****   /* Clear MEM_MODE bits */
 125:Drivers/STM32F0xx_StdPeriph_Driver/src/stm32f0xx_syscfg.c ****   tmpctrl &= (uint32_t) (~SYSCFG_CFGR1_MEM_MODE);
  92              		.loc 1 125 3 is_stmt 1 view .LVU19
  93              		.loc 1 125 11 is_stmt 0 view .LVU20
  94 0004 0321     		movs	r1, #3
  95 0006 8B43     		bics	r3, r1
  96              	.LVL2:
 126:Drivers/STM32F0xx_StdPeriph_Driver/src/stm32f0xx_syscfg.c **** 
 127:Drivers/STM32F0xx_StdPeriph_Driver/src/stm32f0xx_syscfg.c ****   /* Set the new MEM_MODE bits value */
 128:Drivers/STM32F0xx_StdPeriph_Driver/src/stm32f0xx_syscfg.c ****   tmpctrl |= (uint32_t) SYSCFG_MemoryRemap;
  97              		.loc 1 128 3 is_stmt 1 view .LVU21
  98              		.loc 1 128 11 is_stmt 0 view .LVU22
  99 0008 0343     		orrs	r3, r0
 100              	.LVL3:
 129:Drivers/STM32F0xx_StdPeriph_Driver/src/stm32f0xx_syscfg.c **** 
 130:Drivers/STM32F0xx_StdPeriph_Driver/src/stm32f0xx_syscfg.c ****   /* Set CFGR1 register with the new memory remap configuration */
 131:Drivers/STM32F0xx_StdPeriph_Driver/src/stm32f0xx_syscfg.c ****   SYSCFG->CFGR1 = tmpctrl;
ARM GAS  /tmp/cc7E5md7.s 			page 5


 101              		.loc 1 131 3 is_stmt 1 view .LVU23
 102              		.loc 1 131 17 is_stmt 0 view .LVU24
 103 000a 1360     		str	r3, [r2]
 132:Drivers/STM32F0xx_StdPeriph_Driver/src/stm32f0xx_syscfg.c **** }
 104              		.loc 1 132 1 view .LVU25
 105              		@ sp needed
 106 000c 7047     		bx	lr
 107              	.L6:
 108 000e C046     		.align	2
 109              	.L5:
 110 0010 00000140 		.word	1073807360
 111              		.cfi_endproc
 112              	.LFE41:
 114              		.section	.text.SYSCFG_DMAChannelRemapConfig,"ax",%progbits
 115              		.align	1
 116              		.global	SYSCFG_DMAChannelRemapConfig
 117              		.syntax unified
 118              		.code	16
 119              		.thumb_func
 120              		.fpu softvfp
 122              	SYSCFG_DMAChannelRemapConfig:
 123              	.LVL4:
 124              	.LFB42:
 133:Drivers/STM32F0xx_StdPeriph_Driver/src/stm32f0xx_syscfg.c **** 
 134:Drivers/STM32F0xx_StdPeriph_Driver/src/stm32f0xx_syscfg.c **** /**
 135:Drivers/STM32F0xx_StdPeriph_Driver/src/stm32f0xx_syscfg.c ****   * @brief  Configure the DMA channels remapping.
 136:Drivers/STM32F0xx_StdPeriph_Driver/src/stm32f0xx_syscfg.c ****   * @param  SYSCFG_DMARemap: selects the DMA channels remap.
 137:Drivers/STM32F0xx_StdPeriph_Driver/src/stm32f0xx_syscfg.c ****   *   This parameter can be one of the following values:
 138:Drivers/STM32F0xx_StdPeriph_Driver/src/stm32f0xx_syscfg.c ****   *     @arg SYSCFG_DMARemap_TIM17: Remap TIM17 DMA requests from channel1 to channel2
 139:Drivers/STM32F0xx_StdPeriph_Driver/src/stm32f0xx_syscfg.c ****   *     @arg SYSCFG_DMARemap_TIM16: Remap TIM16 DMA requests from channel3 to channel4
 140:Drivers/STM32F0xx_StdPeriph_Driver/src/stm32f0xx_syscfg.c ****   *     @arg SYSCFG_DMARemap_USART1Rx: Remap USART1 Rx DMA requests from channel3 to channel5
 141:Drivers/STM32F0xx_StdPeriph_Driver/src/stm32f0xx_syscfg.c ****   *     @arg SYSCFG_DMARemap_USART1Tx: Remap USART1 Tx DMA requests from channel2 to channel4
 142:Drivers/STM32F0xx_StdPeriph_Driver/src/stm32f0xx_syscfg.c ****   *     @arg SYSCFG_DMARemap_ADC1: Remap ADC1 DMA requests from channel1 to channel2
 143:Drivers/STM32F0xx_StdPeriph_Driver/src/stm32f0xx_syscfg.c ****   * @param  NewState: new state of the DMA channel remapping. 
 144:Drivers/STM32F0xx_StdPeriph_Driver/src/stm32f0xx_syscfg.c ****   *         This parameter can be: ENABLE or DISABLE.
 145:Drivers/STM32F0xx_StdPeriph_Driver/src/stm32f0xx_syscfg.c ****   * @note   When enabled, DMA channel of the selected peripheral is remapped
 146:Drivers/STM32F0xx_StdPeriph_Driver/src/stm32f0xx_syscfg.c ****   * @note   When disabled, Default DMA channel is mapped to the selected peripheral
 147:Drivers/STM32F0xx_StdPeriph_Driver/src/stm32f0xx_syscfg.c ****   * @note 
 148:Drivers/STM32F0xx_StdPeriph_Driver/src/stm32f0xx_syscfg.c ****   *           By default TIM17 DMA requests is mapped to channel 1
 149:Drivers/STM32F0xx_StdPeriph_Driver/src/stm32f0xx_syscfg.c ****   *           use SYSCFG_DMAChannelRemapConfig(SYSCFG_DMARemap_TIM17, Enable)
 150:Drivers/STM32F0xx_StdPeriph_Driver/src/stm32f0xx_syscfg.c ****   *           to remap TIM17 DMA requests to channel 2
 151:Drivers/STM32F0xx_StdPeriph_Driver/src/stm32f0xx_syscfg.c ****   *           use SYSCFG_DMAChannelRemapConfig(SYSCFG_DMARemap_TIM17, Disable)
 152:Drivers/STM32F0xx_StdPeriph_Driver/src/stm32f0xx_syscfg.c ****   *           to map TIM17 DMA requests to channel 1 (default mapping)
 153:Drivers/STM32F0xx_StdPeriph_Driver/src/stm32f0xx_syscfg.c ****   * @retval None
 154:Drivers/STM32F0xx_StdPeriph_Driver/src/stm32f0xx_syscfg.c ****   */
 155:Drivers/STM32F0xx_StdPeriph_Driver/src/stm32f0xx_syscfg.c **** void SYSCFG_DMAChannelRemapConfig(uint32_t SYSCFG_DMARemap, FunctionalState NewState)
 156:Drivers/STM32F0xx_StdPeriph_Driver/src/stm32f0xx_syscfg.c **** {
 125              		.loc 1 156 1 is_stmt 1 view -0
 126              		.cfi_startproc
 127              		@ args = 0, pretend = 0, frame = 0
 128              		@ frame_needed = 0, uses_anonymous_args = 0
 129              		@ link register save eliminated.
 157:Drivers/STM32F0xx_StdPeriph_Driver/src/stm32f0xx_syscfg.c ****   /* Check the parameters */
 158:Drivers/STM32F0xx_StdPeriph_Driver/src/stm32f0xx_syscfg.c ****   assert_param(IS_SYSCFG_DMA_REMAP(SYSCFG_DMARemap));
 130              		.loc 1 158 3 view .LVU27
 159:Drivers/STM32F0xx_StdPeriph_Driver/src/stm32f0xx_syscfg.c ****   assert_param(IS_FUNCTIONAL_STATE(NewState));
 131              		.loc 1 159 3 view .LVU28
ARM GAS  /tmp/cc7E5md7.s 			page 6


 160:Drivers/STM32F0xx_StdPeriph_Driver/src/stm32f0xx_syscfg.c **** 
 161:Drivers/STM32F0xx_StdPeriph_Driver/src/stm32f0xx_syscfg.c ****   if (NewState != DISABLE)
 132              		.loc 1 161 3 view .LVU29
 133              		.loc 1 161 6 is_stmt 0 view .LVU30
 134 0000 0029     		cmp	r1, #0
 135 0002 04D0     		beq	.L8
 162:Drivers/STM32F0xx_StdPeriph_Driver/src/stm32f0xx_syscfg.c ****   {
 163:Drivers/STM32F0xx_StdPeriph_Driver/src/stm32f0xx_syscfg.c ****     /* Remap the DMA channel */
 164:Drivers/STM32F0xx_StdPeriph_Driver/src/stm32f0xx_syscfg.c ****     SYSCFG->CFGR1 |= (uint32_t)SYSCFG_DMARemap;
 136              		.loc 1 164 5 is_stmt 1 view .LVU31
 137              		.loc 1 164 19 is_stmt 0 view .LVU32
 138 0004 044A     		ldr	r2, .L10
 139 0006 1368     		ldr	r3, [r2]
 140 0008 1843     		orrs	r0, r3
 141              	.LVL5:
 142              		.loc 1 164 19 view .LVU33
 143 000a 1060     		str	r0, [r2]
 144              	.L7:
 165:Drivers/STM32F0xx_StdPeriph_Driver/src/stm32f0xx_syscfg.c ****   }
 166:Drivers/STM32F0xx_StdPeriph_Driver/src/stm32f0xx_syscfg.c ****   else
 167:Drivers/STM32F0xx_StdPeriph_Driver/src/stm32f0xx_syscfg.c ****   {
 168:Drivers/STM32F0xx_StdPeriph_Driver/src/stm32f0xx_syscfg.c ****     /* use the default DMA channel mapping */
 169:Drivers/STM32F0xx_StdPeriph_Driver/src/stm32f0xx_syscfg.c ****     SYSCFG->CFGR1 &= (uint32_t)(~SYSCFG_DMARemap);
 170:Drivers/STM32F0xx_StdPeriph_Driver/src/stm32f0xx_syscfg.c ****   }
 171:Drivers/STM32F0xx_StdPeriph_Driver/src/stm32f0xx_syscfg.c **** }
 145              		.loc 1 171 1 view .LVU34
 146              		@ sp needed
 147 000c 7047     		bx	lr
 148              	.LVL6:
 149              	.L8:
 169:Drivers/STM32F0xx_StdPeriph_Driver/src/stm32f0xx_syscfg.c ****   }
 150              		.loc 1 169 5 is_stmt 1 view .LVU35
 169:Drivers/STM32F0xx_StdPeriph_Driver/src/stm32f0xx_syscfg.c ****   }
 151              		.loc 1 169 19 is_stmt 0 view .LVU36
 152 000e 024A     		ldr	r2, .L10
 153 0010 1368     		ldr	r3, [r2]
 154 0012 8343     		bics	r3, r0
 155 0014 1360     		str	r3, [r2]
 156              		.loc 1 171 1 view .LVU37
 157 0016 F9E7     		b	.L7
 158              	.L11:
 159              		.align	2
 160              	.L10:
 161 0018 00000140 		.word	1073807360
 162              		.cfi_endproc
 163              	.LFE42:
 165              		.section	.text.SYSCFG_I2CFastModePlusConfig,"ax",%progbits
 166              		.align	1
 167              		.global	SYSCFG_I2CFastModePlusConfig
 168              		.syntax unified
 169              		.code	16
 170              		.thumb_func
 171              		.fpu softvfp
 173              	SYSCFG_I2CFastModePlusConfig:
 174              	.LVL7:
 175              	.LFB43:
 172:Drivers/STM32F0xx_StdPeriph_Driver/src/stm32f0xx_syscfg.c **** 
ARM GAS  /tmp/cc7E5md7.s 			page 7


 173:Drivers/STM32F0xx_StdPeriph_Driver/src/stm32f0xx_syscfg.c **** /**
 174:Drivers/STM32F0xx_StdPeriph_Driver/src/stm32f0xx_syscfg.c ****   * @brief  Configure the I2C fast mode plus driving capability.
 175:Drivers/STM32F0xx_StdPeriph_Driver/src/stm32f0xx_syscfg.c ****   * @param  SYSCFG_I2CFastModePlus: selects the pin.
 176:Drivers/STM32F0xx_StdPeriph_Driver/src/stm32f0xx_syscfg.c ****   *   This parameter can be one of the following values:
 177:Drivers/STM32F0xx_StdPeriph_Driver/src/stm32f0xx_syscfg.c ****   *     @arg SYSCFG_I2CFastModePlus_PB6: Configure fast mode plus driving capability for PB6
 178:Drivers/STM32F0xx_StdPeriph_Driver/src/stm32f0xx_syscfg.c ****   *     @arg SYSCFG_I2CFastModePlus_PB7: Configure fast mode plus driving capability for PB7
 179:Drivers/STM32F0xx_StdPeriph_Driver/src/stm32f0xx_syscfg.c ****   *     @arg SYSCFG_I2CFastModePlus_PB8: Configure fast mode plus driving capability for PB8
 180:Drivers/STM32F0xx_StdPeriph_Driver/src/stm32f0xx_syscfg.c ****   *     @arg SYSCFG_I2CFastModePlus_PB9: Configure fast mode plus driving capability for PB9
 181:Drivers/STM32F0xx_StdPeriph_Driver/src/stm32f0xx_syscfg.c ****   * @param  NewState: new state of the DMA channel remapping. 
 182:Drivers/STM32F0xx_StdPeriph_Driver/src/stm32f0xx_syscfg.c ****   *         This parameter can be: ENABLE or DISABLE.
 183:Drivers/STM32F0xx_StdPeriph_Driver/src/stm32f0xx_syscfg.c ****   * @note   ENABLE:  Enable fast mode plus driving capability for selected pin
 184:Drivers/STM32F0xx_StdPeriph_Driver/src/stm32f0xx_syscfg.c ****   * @note   DISABLE: Disable fast mode plus driving capability for selected pin
 185:Drivers/STM32F0xx_StdPeriph_Driver/src/stm32f0xx_syscfg.c ****   * @retval None
 186:Drivers/STM32F0xx_StdPeriph_Driver/src/stm32f0xx_syscfg.c ****   */
 187:Drivers/STM32F0xx_StdPeriph_Driver/src/stm32f0xx_syscfg.c **** void SYSCFG_I2CFastModePlusConfig(uint32_t SYSCFG_I2CFastModePlus, FunctionalState NewState)
 188:Drivers/STM32F0xx_StdPeriph_Driver/src/stm32f0xx_syscfg.c **** {
 176              		.loc 1 188 1 is_stmt 1 view -0
 177              		.cfi_startproc
 178              		@ args = 0, pretend = 0, frame = 0
 179              		@ frame_needed = 0, uses_anonymous_args = 0
 180              		@ link register save eliminated.
 189:Drivers/STM32F0xx_StdPeriph_Driver/src/stm32f0xx_syscfg.c ****   /* Check the parameters */
 190:Drivers/STM32F0xx_StdPeriph_Driver/src/stm32f0xx_syscfg.c ****   assert_param(IS_SYSCFG_I2C_FMP(SYSCFG_I2CFastModePlus));
 181              		.loc 1 190 3 view .LVU39
 191:Drivers/STM32F0xx_StdPeriph_Driver/src/stm32f0xx_syscfg.c ****   assert_param(IS_FUNCTIONAL_STATE(NewState));
 182              		.loc 1 191 3 view .LVU40
 192:Drivers/STM32F0xx_StdPeriph_Driver/src/stm32f0xx_syscfg.c **** 
 193:Drivers/STM32F0xx_StdPeriph_Driver/src/stm32f0xx_syscfg.c ****   if (NewState != DISABLE)
 183              		.loc 1 193 3 view .LVU41
 184              		.loc 1 193 6 is_stmt 0 view .LVU42
 185 0000 0029     		cmp	r1, #0
 186 0002 04D0     		beq	.L13
 194:Drivers/STM32F0xx_StdPeriph_Driver/src/stm32f0xx_syscfg.c ****   {
 195:Drivers/STM32F0xx_StdPeriph_Driver/src/stm32f0xx_syscfg.c ****     /* Enable fast mode plus driving capability for selected pin */
 196:Drivers/STM32F0xx_StdPeriph_Driver/src/stm32f0xx_syscfg.c ****     SYSCFG->CFGR1 |= (uint32_t)SYSCFG_I2CFastModePlus;
 187              		.loc 1 196 5 is_stmt 1 view .LVU43
 188              		.loc 1 196 19 is_stmt 0 view .LVU44
 189 0004 044A     		ldr	r2, .L15
 190 0006 1368     		ldr	r3, [r2]
 191 0008 1843     		orrs	r0, r3
 192              	.LVL8:
 193              		.loc 1 196 19 view .LVU45
 194 000a 1060     		str	r0, [r2]
 195              	.L12:
 197:Drivers/STM32F0xx_StdPeriph_Driver/src/stm32f0xx_syscfg.c ****   }
 198:Drivers/STM32F0xx_StdPeriph_Driver/src/stm32f0xx_syscfg.c ****   else
 199:Drivers/STM32F0xx_StdPeriph_Driver/src/stm32f0xx_syscfg.c ****   {
 200:Drivers/STM32F0xx_StdPeriph_Driver/src/stm32f0xx_syscfg.c ****     /* Disable fast mode plus driving capability for selected pin */
 201:Drivers/STM32F0xx_StdPeriph_Driver/src/stm32f0xx_syscfg.c ****     SYSCFG->CFGR1 &= (uint32_t)(~SYSCFG_I2CFastModePlus);
 202:Drivers/STM32F0xx_StdPeriph_Driver/src/stm32f0xx_syscfg.c ****   }
 203:Drivers/STM32F0xx_StdPeriph_Driver/src/stm32f0xx_syscfg.c **** }
 196              		.loc 1 203 1 view .LVU46
 197              		@ sp needed
 198 000c 7047     		bx	lr
 199              	.LVL9:
 200              	.L13:
 201:Drivers/STM32F0xx_StdPeriph_Driver/src/stm32f0xx_syscfg.c ****   }
ARM GAS  /tmp/cc7E5md7.s 			page 8


 201              		.loc 1 201 5 is_stmt 1 view .LVU47
 201:Drivers/STM32F0xx_StdPeriph_Driver/src/stm32f0xx_syscfg.c ****   }
 202              		.loc 1 201 19 is_stmt 0 view .LVU48
 203 000e 024A     		ldr	r2, .L15
 204 0010 1368     		ldr	r3, [r2]
 205 0012 8343     		bics	r3, r0
 206 0014 1360     		str	r3, [r2]
 207              		.loc 1 203 1 view .LVU49
 208 0016 F9E7     		b	.L12
 209              	.L16:
 210              		.align	2
 211              	.L15:
 212 0018 00000140 		.word	1073807360
 213              		.cfi_endproc
 214              	.LFE43:
 216              		.section	.text.SYSCFG_EXTILineConfig,"ax",%progbits
 217              		.align	1
 218              		.global	SYSCFG_EXTILineConfig
 219              		.syntax unified
 220              		.code	16
 221              		.thumb_func
 222              		.fpu softvfp
 224              	SYSCFG_EXTILineConfig:
 225              	.LVL10:
 226              	.LFB44:
 204:Drivers/STM32F0xx_StdPeriph_Driver/src/stm32f0xx_syscfg.c **** 
 205:Drivers/STM32F0xx_StdPeriph_Driver/src/stm32f0xx_syscfg.c **** /**
 206:Drivers/STM32F0xx_StdPeriph_Driver/src/stm32f0xx_syscfg.c ****   * @brief  Selects the GPIO pin used as EXTI Line.
 207:Drivers/STM32F0xx_StdPeriph_Driver/src/stm32f0xx_syscfg.c ****   * @param  EXTI_PortSourceGPIOx : selects the GPIO port to be used as source 
 208:Drivers/STM32F0xx_StdPeriph_Driver/src/stm32f0xx_syscfg.c ****   *                                for EXTI lines where x can be (A, B, C, D or F).
 209:Drivers/STM32F0xx_StdPeriph_Driver/src/stm32f0xx_syscfg.c ****   * @param  EXTI_PinSourcex: specifies the EXTI line to be configured.
 210:Drivers/STM32F0xx_StdPeriph_Driver/src/stm32f0xx_syscfg.c ****   *         This parameter can be EXTI_PinSourcex where x can be (0..15)
 211:Drivers/STM32F0xx_StdPeriph_Driver/src/stm32f0xx_syscfg.c ****   * @retval None
 212:Drivers/STM32F0xx_StdPeriph_Driver/src/stm32f0xx_syscfg.c ****   */
 213:Drivers/STM32F0xx_StdPeriph_Driver/src/stm32f0xx_syscfg.c **** void SYSCFG_EXTILineConfig(uint8_t EXTI_PortSourceGPIOx, uint8_t EXTI_PinSourcex)
 214:Drivers/STM32F0xx_StdPeriph_Driver/src/stm32f0xx_syscfg.c **** {
 227              		.loc 1 214 1 is_stmt 1 view -0
 228              		.cfi_startproc
 229              		@ args = 0, pretend = 0, frame = 0
 230              		@ frame_needed = 0, uses_anonymous_args = 0
 231              		.loc 1 214 1 is_stmt 0 view .LVU51
 232 0000 30B5     		push	{r4, r5, lr}
 233              	.LCFI0:
 234              		.cfi_def_cfa_offset 12
 235              		.cfi_offset 4, -12
 236              		.cfi_offset 5, -8
 237              		.cfi_offset 14, -4
 215:Drivers/STM32F0xx_StdPeriph_Driver/src/stm32f0xx_syscfg.c ****   uint32_t tmp = 0x00;
 238              		.loc 1 215 3 is_stmt 1 view .LVU52
 239              	.LVL11:
 216:Drivers/STM32F0xx_StdPeriph_Driver/src/stm32f0xx_syscfg.c **** 
 217:Drivers/STM32F0xx_StdPeriph_Driver/src/stm32f0xx_syscfg.c ****   /* Check the parameters */
 218:Drivers/STM32F0xx_StdPeriph_Driver/src/stm32f0xx_syscfg.c ****   assert_param(IS_EXTI_PORT_SOURCE(EXTI_PortSourceGPIOx));
 240              		.loc 1 218 3 view .LVU53
 219:Drivers/STM32F0xx_StdPeriph_Driver/src/stm32f0xx_syscfg.c ****   assert_param(IS_EXTI_PIN_SOURCE(EXTI_PinSourcex));
 241              		.loc 1 219 3 view .LVU54
 220:Drivers/STM32F0xx_StdPeriph_Driver/src/stm32f0xx_syscfg.c ****   
ARM GAS  /tmp/cc7E5md7.s 			page 9


 221:Drivers/STM32F0xx_StdPeriph_Driver/src/stm32f0xx_syscfg.c ****   tmp = ((uint32_t)0x0F) << (0x04 * (EXTI_PinSourcex & (uint8_t)0x03));
 242              		.loc 1 221 3 view .LVU55
 243              		.loc 1 221 54 is_stmt 0 view .LVU56
 244 0002 0323     		movs	r3, #3
 245 0004 0B40     		ands	r3, r1
 246              		.loc 1 221 35 view .LVU57
 247 0006 9B00     		lsls	r3, r3, #2
 248              		.loc 1 221 7 view .LVU58
 249 0008 0F25     		movs	r5, #15
 250 000a 9D40     		lsls	r5, r5, r3
 251              	.LVL12:
 222:Drivers/STM32F0xx_StdPeriph_Driver/src/stm32f0xx_syscfg.c ****   SYSCFG->EXTICR[EXTI_PinSourcex >> 0x02] &= ~tmp;
 252              		.loc 1 222 3 is_stmt 1 view .LVU59
 253              		.loc 1 222 43 is_stmt 0 view .LVU60
 254 000c 8908     		lsrs	r1, r1, #2
 255              	.LVL13:
 256              		.loc 1 222 43 view .LVU61
 257 000e 054A     		ldr	r2, .L18
 258 0010 0231     		adds	r1, r1, #2
 259 0012 8900     		lsls	r1, r1, #2
 260 0014 8C58     		ldr	r4, [r1, r2]
 261 0016 AC43     		bics	r4, r5
 262 0018 8C50     		str	r4, [r1, r2]
 223:Drivers/STM32F0xx_StdPeriph_Driver/src/stm32f0xx_syscfg.c ****   SYSCFG->EXTICR[EXTI_PinSourcex >> 0x02] |= (((uint32_t)EXTI_PortSourceGPIOx) << (0x04 * (EXTI_Pin
 263              		.loc 1 223 3 is_stmt 1 view .LVU62
 264              		.loc 1 223 43 is_stmt 0 view .LVU63
 265 001a 8C58     		ldr	r4, [r1, r2]
 266              		.loc 1 223 80 view .LVU64
 267 001c 9840     		lsls	r0, r0, r3
 268              	.LVL14:
 269              		.loc 1 223 43 view .LVU65
 270 001e 0443     		orrs	r4, r0
 271 0020 8C50     		str	r4, [r1, r2]
 224:Drivers/STM32F0xx_StdPeriph_Driver/src/stm32f0xx_syscfg.c **** }
 272              		.loc 1 224 1 view .LVU66
 273              		@ sp needed
 274              	.LVL15:
 275              		.loc 1 224 1 view .LVU67
 276 0022 30BD     		pop	{r4, r5, pc}
 277              	.L19:
 278              		.align	2
 279              	.L18:
 280 0024 00000140 		.word	1073807360
 281              		.cfi_endproc
 282              	.LFE44:
 284              		.section	.text.SYSCFG_BreakConfig,"ax",%progbits
 285              		.align	1
 286              		.global	SYSCFG_BreakConfig
 287              		.syntax unified
 288              		.code	16
 289              		.thumb_func
 290              		.fpu softvfp
 292              	SYSCFG_BreakConfig:
 293              	.LVL16:
 294              	.LFB45:
 225:Drivers/STM32F0xx_StdPeriph_Driver/src/stm32f0xx_syscfg.c **** 
 226:Drivers/STM32F0xx_StdPeriph_Driver/src/stm32f0xx_syscfg.c **** /**
ARM GAS  /tmp/cc7E5md7.s 			page 10


 227:Drivers/STM32F0xx_StdPeriph_Driver/src/stm32f0xx_syscfg.c ****   * @brief  Connect the selected parameter to the break input of TIM1.
 228:Drivers/STM32F0xx_StdPeriph_Driver/src/stm32f0xx_syscfg.c ****   * @note   The selected configuration is locked and can be unlocked by system reset
 229:Drivers/STM32F0xx_StdPeriph_Driver/src/stm32f0xx_syscfg.c ****   * @param  SYSCFG_Break: selects the configuration to be connected to break
 230:Drivers/STM32F0xx_StdPeriph_Driver/src/stm32f0xx_syscfg.c ****   *         input of TIM1
 231:Drivers/STM32F0xx_StdPeriph_Driver/src/stm32f0xx_syscfg.c ****   *   This parameter can be any combination of the following values:
 232:Drivers/STM32F0xx_StdPeriph_Driver/src/stm32f0xx_syscfg.c ****   *     @arg SYSCFG_Break_PVD: Connects the PVD event to the Break Input of TIM1.
 233:Drivers/STM32F0xx_StdPeriph_Driver/src/stm32f0xx_syscfg.c ****   *     @arg SYSCFG_Break_SRAMParity: Connects the SRAM_PARITY error signal to the Break Input of T
 234:Drivers/STM32F0xx_StdPeriph_Driver/src/stm32f0xx_syscfg.c ****   *     @arg SYSCFG_Break_Lockup: Connects Lockup output of CortexM0 to the break input of TIM1.
 235:Drivers/STM32F0xx_StdPeriph_Driver/src/stm32f0xx_syscfg.c ****   * @retval None
 236:Drivers/STM32F0xx_StdPeriph_Driver/src/stm32f0xx_syscfg.c ****   */
 237:Drivers/STM32F0xx_StdPeriph_Driver/src/stm32f0xx_syscfg.c **** void SYSCFG_BreakConfig(uint32_t SYSCFG_Break)
 238:Drivers/STM32F0xx_StdPeriph_Driver/src/stm32f0xx_syscfg.c **** {
 295              		.loc 1 238 1 is_stmt 1 view -0
 296              		.cfi_startproc
 297              		@ args = 0, pretend = 0, frame = 0
 298              		@ frame_needed = 0, uses_anonymous_args = 0
 299              		@ link register save eliminated.
 239:Drivers/STM32F0xx_StdPeriph_Driver/src/stm32f0xx_syscfg.c ****   /* Check the parameter */
 240:Drivers/STM32F0xx_StdPeriph_Driver/src/stm32f0xx_syscfg.c ****   assert_param(IS_SYSCFG_LOCK_CONFIG(SYSCFG_Break));
 300              		.loc 1 240 3 view .LVU69
 241:Drivers/STM32F0xx_StdPeriph_Driver/src/stm32f0xx_syscfg.c **** 
 242:Drivers/STM32F0xx_StdPeriph_Driver/src/stm32f0xx_syscfg.c ****   SYSCFG->CFGR2 |= (uint32_t) SYSCFG_Break;
 301              		.loc 1 242 3 view .LVU70
 302              		.loc 1 242 17 is_stmt 0 view .LVU71
 303 0000 024A     		ldr	r2, .L21
 304 0002 9369     		ldr	r3, [r2, #24]
 305 0004 0343     		orrs	r3, r0
 306 0006 9361     		str	r3, [r2, #24]
 243:Drivers/STM32F0xx_StdPeriph_Driver/src/stm32f0xx_syscfg.c **** }
 307              		.loc 1 243 1 view .LVU72
 308              		@ sp needed
 309 0008 7047     		bx	lr
 310              	.L22:
 311 000a C046     		.align	2
 312              	.L21:
 313 000c 00000140 		.word	1073807360
 314              		.cfi_endproc
 315              	.LFE45:
 317              		.section	.text.SYSCFG_GetFlagStatus,"ax",%progbits
 318              		.align	1
 319              		.global	SYSCFG_GetFlagStatus
 320              		.syntax unified
 321              		.code	16
 322              		.thumb_func
 323              		.fpu softvfp
 325              	SYSCFG_GetFlagStatus:
 326              	.LVL17:
 327              	.LFB46:
 244:Drivers/STM32F0xx_StdPeriph_Driver/src/stm32f0xx_syscfg.c **** 
 245:Drivers/STM32F0xx_StdPeriph_Driver/src/stm32f0xx_syscfg.c **** /**
 246:Drivers/STM32F0xx_StdPeriph_Driver/src/stm32f0xx_syscfg.c ****   * @brief  Checks whether the specified SYSCFG flag is set or not.
 247:Drivers/STM32F0xx_StdPeriph_Driver/src/stm32f0xx_syscfg.c ****   * @param  SYSCFG_Flag: specifies the SYSCFG flag to check. 
 248:Drivers/STM32F0xx_StdPeriph_Driver/src/stm32f0xx_syscfg.c ****   *   This parameter can be one of the following values:
 249:Drivers/STM32F0xx_StdPeriph_Driver/src/stm32f0xx_syscfg.c ****   *     @arg SYSCFG_FLAG_PE: SRAM parity error flag.
 250:Drivers/STM32F0xx_StdPeriph_Driver/src/stm32f0xx_syscfg.c ****   * @retval The new state of SYSCFG_Flag (SET or RESET).
 251:Drivers/STM32F0xx_StdPeriph_Driver/src/stm32f0xx_syscfg.c ****   */
 252:Drivers/STM32F0xx_StdPeriph_Driver/src/stm32f0xx_syscfg.c **** FlagStatus SYSCFG_GetFlagStatus(uint32_t SYSCFG_Flag)
ARM GAS  /tmp/cc7E5md7.s 			page 11


 253:Drivers/STM32F0xx_StdPeriph_Driver/src/stm32f0xx_syscfg.c **** {
 328              		.loc 1 253 1 is_stmt 1 view -0
 329              		.cfi_startproc
 330              		@ args = 0, pretend = 0, frame = 0
 331              		@ frame_needed = 0, uses_anonymous_args = 0
 332              		@ link register save eliminated.
 254:Drivers/STM32F0xx_StdPeriph_Driver/src/stm32f0xx_syscfg.c ****   FlagStatus bitstatus = RESET;
 333              		.loc 1 254 3 view .LVU74
 255:Drivers/STM32F0xx_StdPeriph_Driver/src/stm32f0xx_syscfg.c **** 
 256:Drivers/STM32F0xx_StdPeriph_Driver/src/stm32f0xx_syscfg.c ****   /* Check the parameter */
 257:Drivers/STM32F0xx_StdPeriph_Driver/src/stm32f0xx_syscfg.c ****   assert_param(IS_SYSCFG_FLAG(SYSCFG_Flag));
 334              		.loc 1 257 3 view .LVU75
 258:Drivers/STM32F0xx_StdPeriph_Driver/src/stm32f0xx_syscfg.c **** 
 259:Drivers/STM32F0xx_StdPeriph_Driver/src/stm32f0xx_syscfg.c ****   /* Check the status of the specified SPI flag */
 260:Drivers/STM32F0xx_StdPeriph_Driver/src/stm32f0xx_syscfg.c ****   if ((SYSCFG->CFGR2 & SYSCFG_CFGR2_SRAM_PE) != (uint32_t)RESET)
 335              		.loc 1 260 3 view .LVU76
 336              		.loc 1 260 14 is_stmt 0 view .LVU77
 337 0000 034B     		ldr	r3, .L26
 338 0002 9B69     		ldr	r3, [r3, #24]
 339              		.loc 1 260 6 view .LVU78
 340 0004 DB05     		lsls	r3, r3, #23
 341 0006 01D5     		bpl	.L25
 261:Drivers/STM32F0xx_StdPeriph_Driver/src/stm32f0xx_syscfg.c ****   {
 262:Drivers/STM32F0xx_StdPeriph_Driver/src/stm32f0xx_syscfg.c ****     /* SYSCFG_Flag is set */
 263:Drivers/STM32F0xx_StdPeriph_Driver/src/stm32f0xx_syscfg.c ****     bitstatus = SET;
 342              		.loc 1 263 15 view .LVU79
 343 0008 0120     		movs	r0, #1
 344              	.LVL18:
 345              	.L24:
 264:Drivers/STM32F0xx_StdPeriph_Driver/src/stm32f0xx_syscfg.c ****   }
 265:Drivers/STM32F0xx_StdPeriph_Driver/src/stm32f0xx_syscfg.c ****   else
 266:Drivers/STM32F0xx_StdPeriph_Driver/src/stm32f0xx_syscfg.c ****   {
 267:Drivers/STM32F0xx_StdPeriph_Driver/src/stm32f0xx_syscfg.c ****     /* SYSCFG_Flag is reset */
 268:Drivers/STM32F0xx_StdPeriph_Driver/src/stm32f0xx_syscfg.c ****     bitstatus = RESET;
 269:Drivers/STM32F0xx_StdPeriph_Driver/src/stm32f0xx_syscfg.c ****   }
 270:Drivers/STM32F0xx_StdPeriph_Driver/src/stm32f0xx_syscfg.c ****   /* Return the SYSCFG_Flag status */
 271:Drivers/STM32F0xx_StdPeriph_Driver/src/stm32f0xx_syscfg.c ****   return  bitstatus;
 346              		.loc 1 271 3 is_stmt 1 view .LVU80
 272:Drivers/STM32F0xx_StdPeriph_Driver/src/stm32f0xx_syscfg.c **** }
 347              		.loc 1 272 1 is_stmt 0 view .LVU81
 348              		@ sp needed
 349 000a 7047     		bx	lr
 350              	.LVL19:
 351              	.L25:
 268:Drivers/STM32F0xx_StdPeriph_Driver/src/stm32f0xx_syscfg.c ****   }
 352              		.loc 1 268 15 view .LVU82
 353 000c 0020     		movs	r0, #0
 354              	.LVL20:
 268:Drivers/STM32F0xx_StdPeriph_Driver/src/stm32f0xx_syscfg.c ****   }
 355              		.loc 1 268 15 view .LVU83
 356 000e FCE7     		b	.L24
 357              	.L27:
 358              		.align	2
 359              	.L26:
 360 0010 00000140 		.word	1073807360
 361              		.cfi_endproc
 362              	.LFE46:
ARM GAS  /tmp/cc7E5md7.s 			page 12


 364              		.section	.text.SYSCFG_ClearFlag,"ax",%progbits
 365              		.align	1
 366              		.global	SYSCFG_ClearFlag
 367              		.syntax unified
 368              		.code	16
 369              		.thumb_func
 370              		.fpu softvfp
 372              	SYSCFG_ClearFlag:
 373              	.LVL21:
 374              	.LFB47:
 273:Drivers/STM32F0xx_StdPeriph_Driver/src/stm32f0xx_syscfg.c **** 
 274:Drivers/STM32F0xx_StdPeriph_Driver/src/stm32f0xx_syscfg.c **** /**
 275:Drivers/STM32F0xx_StdPeriph_Driver/src/stm32f0xx_syscfg.c ****   * @brief  Clear the selected SYSCFG flag.
 276:Drivers/STM32F0xx_StdPeriph_Driver/src/stm32f0xx_syscfg.c ****   * @param  SYSCFG_Flag: selects the flag to be cleared.
 277:Drivers/STM32F0xx_StdPeriph_Driver/src/stm32f0xx_syscfg.c ****   *   This parameter can be any combination of the following values:
 278:Drivers/STM32F0xx_StdPeriph_Driver/src/stm32f0xx_syscfg.c ****   *     @arg SYSCFG_FLAG_PE: SRAM parity error flag.
 279:Drivers/STM32F0xx_StdPeriph_Driver/src/stm32f0xx_syscfg.c ****   * @retval None
 280:Drivers/STM32F0xx_StdPeriph_Driver/src/stm32f0xx_syscfg.c ****   */
 281:Drivers/STM32F0xx_StdPeriph_Driver/src/stm32f0xx_syscfg.c **** void SYSCFG_ClearFlag(uint32_t SYSCFG_Flag)
 282:Drivers/STM32F0xx_StdPeriph_Driver/src/stm32f0xx_syscfg.c **** {
 375              		.loc 1 282 1 is_stmt 1 view -0
 376              		.cfi_startproc
 377              		@ args = 0, pretend = 0, frame = 0
 378              		@ frame_needed = 0, uses_anonymous_args = 0
 379              		@ link register save eliminated.
 283:Drivers/STM32F0xx_StdPeriph_Driver/src/stm32f0xx_syscfg.c ****   /* Check the parameter */
 284:Drivers/STM32F0xx_StdPeriph_Driver/src/stm32f0xx_syscfg.c ****   assert_param(IS_SYSCFG_FLAG(SYSCFG_Flag));
 380              		.loc 1 284 3 view .LVU85
 285:Drivers/STM32F0xx_StdPeriph_Driver/src/stm32f0xx_syscfg.c **** 
 286:Drivers/STM32F0xx_StdPeriph_Driver/src/stm32f0xx_syscfg.c ****   SYSCFG->CFGR2 |= (uint32_t) SYSCFG_Flag;
 381              		.loc 1 286 3 view .LVU86
 382              		.loc 1 286 17 is_stmt 0 view .LVU87
 383 0000 024A     		ldr	r2, .L29
 384 0002 9369     		ldr	r3, [r2, #24]
 385 0004 0343     		orrs	r3, r0
 386 0006 9361     		str	r3, [r2, #24]
 287:Drivers/STM32F0xx_StdPeriph_Driver/src/stm32f0xx_syscfg.c **** }
 387              		.loc 1 287 1 view .LVU88
 388              		@ sp needed
 389 0008 7047     		bx	lr
 390              	.L30:
 391 000a C046     		.align	2
 392              	.L29:
 393 000c 00000140 		.word	1073807360
 394              		.cfi_endproc
 395              	.LFE47:
 397              		.text
 398              	.Letext0:
 399              		.file 2 "/usr/arm-none-eabi/include/machine/_default_types.h"
 400              		.file 3 "/usr/arm-none-eabi/include/sys/_stdint.h"
 401              		.file 4 "Drivers/CMSIS/Device/ST/STM32F0xx/Include/stm32f0xx.h"
 402              		.file 5 "Drivers/CMSIS/Device/ST/STM32F0xx/Include/system_stm32f0xx.h"
ARM GAS  /tmp/cc7E5md7.s 			page 13


DEFINED SYMBOLS
                            *ABS*:0000000000000000 stm32f0xx_syscfg.c
     /tmp/cc7E5md7.s:16     .text.SYSCFG_DeInit:0000000000000000 $t
     /tmp/cc7E5md7.s:24     .text.SYSCFG_DeInit:0000000000000000 SYSCFG_DeInit
     /tmp/cc7E5md7.s:65     .text.SYSCFG_DeInit:0000000000000020 $d
     /tmp/cc7E5md7.s:70     .text.SYSCFG_MemoryRemapConfig:0000000000000000 $t
     /tmp/cc7E5md7.s:77     .text.SYSCFG_MemoryRemapConfig:0000000000000000 SYSCFG_MemoryRemapConfig
     /tmp/cc7E5md7.s:110    .text.SYSCFG_MemoryRemapConfig:0000000000000010 $d
     /tmp/cc7E5md7.s:115    .text.SYSCFG_DMAChannelRemapConfig:0000000000000000 $t
     /tmp/cc7E5md7.s:122    .text.SYSCFG_DMAChannelRemapConfig:0000000000000000 SYSCFG_DMAChannelRemapConfig
     /tmp/cc7E5md7.s:161    .text.SYSCFG_DMAChannelRemapConfig:0000000000000018 $d
     /tmp/cc7E5md7.s:166    .text.SYSCFG_I2CFastModePlusConfig:0000000000000000 $t
     /tmp/cc7E5md7.s:173    .text.SYSCFG_I2CFastModePlusConfig:0000000000000000 SYSCFG_I2CFastModePlusConfig
     /tmp/cc7E5md7.s:212    .text.SYSCFG_I2CFastModePlusConfig:0000000000000018 $d
     /tmp/cc7E5md7.s:217    .text.SYSCFG_EXTILineConfig:0000000000000000 $t
     /tmp/cc7E5md7.s:224    .text.SYSCFG_EXTILineConfig:0000000000000000 SYSCFG_EXTILineConfig
     /tmp/cc7E5md7.s:280    .text.SYSCFG_EXTILineConfig:0000000000000024 $d
     /tmp/cc7E5md7.s:285    .text.SYSCFG_BreakConfig:0000000000000000 $t
     /tmp/cc7E5md7.s:292    .text.SYSCFG_BreakConfig:0000000000000000 SYSCFG_BreakConfig
     /tmp/cc7E5md7.s:313    .text.SYSCFG_BreakConfig:000000000000000c $d
     /tmp/cc7E5md7.s:318    .text.SYSCFG_GetFlagStatus:0000000000000000 $t
     /tmp/cc7E5md7.s:325    .text.SYSCFG_GetFlagStatus:0000000000000000 SYSCFG_GetFlagStatus
     /tmp/cc7E5md7.s:360    .text.SYSCFG_GetFlagStatus:0000000000000010 $d
     /tmp/cc7E5md7.s:365    .text.SYSCFG_ClearFlag:0000000000000000 $t
     /tmp/cc7E5md7.s:372    .text.SYSCFG_ClearFlag:0000000000000000 SYSCFG_ClearFlag
     /tmp/cc7E5md7.s:393    .text.SYSCFG_ClearFlag:000000000000000c $d

NO UNDEFINED SYMBOLS
