ARM GAS  /tmp/cc1hHLvb.s 			page 1


   1              		.cpu cortex-m0
   2              		.eabi_attribute 20, 1
   3              		.eabi_attribute 21, 1
   4              		.eabi_attribute 23, 3
   5              		.eabi_attribute 24, 1
   6              		.eabi_attribute 25, 1
   7              		.eabi_attribute 26, 1
   8              		.eabi_attribute 30, 1
   9              		.eabi_attribute 34, 0
  10              		.eabi_attribute 18, 4
  11              		.file	"stm32f0xx_iwdg.c"
  12              		.text
  13              	.Ltext0:
  14              		.cfi_sections	.debug_frame
  15              		.section	.text.IWDG_WriteAccessCmd,"ax",%progbits
  16              		.align	1
  17              		.global	IWDG_WriteAccessCmd
  18              		.arch armv6s-m
  19              		.syntax unified
  20              		.code	16
  21              		.thumb_func
  22              		.fpu softvfp
  24              	IWDG_WriteAccessCmd:
  25              	.LVL0:
  26              	.LFB32:
  27              		.file 1 "Libraries/STM32F0xx_StdPeriph_Driver/src/stm32f0xx_iwdg.c"
   1:Libraries/STM32F0xx_StdPeriph_Driver/src/stm32f0xx_iwdg.c **** /**
   2:Libraries/STM32F0xx_StdPeriph_Driver/src/stm32f0xx_iwdg.c ****   ******************************************************************************
   3:Libraries/STM32F0xx_StdPeriph_Driver/src/stm32f0xx_iwdg.c ****   * @file    stm32f0xx_iwdg.c
   4:Libraries/STM32F0xx_StdPeriph_Driver/src/stm32f0xx_iwdg.c ****   * @author  MCD Application Team
   5:Libraries/STM32F0xx_StdPeriph_Driver/src/stm32f0xx_iwdg.c ****   * @version V1.0.0
   6:Libraries/STM32F0xx_StdPeriph_Driver/src/stm32f0xx_iwdg.c ****   * @date    23-March-2012
   7:Libraries/STM32F0xx_StdPeriph_Driver/src/stm32f0xx_iwdg.c ****   * @brief   This file provides firmware functions to manage the following 
   8:Libraries/STM32F0xx_StdPeriph_Driver/src/stm32f0xx_iwdg.c ****   *          functionalities of the Independent watchdog (IWDG) peripheral:           
   9:Libraries/STM32F0xx_StdPeriph_Driver/src/stm32f0xx_iwdg.c ****   *           + Prescaler and Counter configuration
  10:Libraries/STM32F0xx_StdPeriph_Driver/src/stm32f0xx_iwdg.c ****   *           + IWDG activation
  11:Libraries/STM32F0xx_StdPeriph_Driver/src/stm32f0xx_iwdg.c ****   *           + Flag management
  12:Libraries/STM32F0xx_StdPeriph_Driver/src/stm32f0xx_iwdg.c ****   *
  13:Libraries/STM32F0xx_StdPeriph_Driver/src/stm32f0xx_iwdg.c ****   *  @verbatim  
  14:Libraries/STM32F0xx_StdPeriph_Driver/src/stm32f0xx_iwdg.c ****   *  
  15:Libraries/STM32F0xx_StdPeriph_Driver/src/stm32f0xx_iwdg.c ****   ============================================================================== 
  16:Libraries/STM32F0xx_StdPeriph_Driver/src/stm32f0xx_iwdg.c ****                           ##### IWDG features #####
  17:Libraries/STM32F0xx_StdPeriph_Driver/src/stm32f0xx_iwdg.c ****   ============================================================================== 
  18:Libraries/STM32F0xx_StdPeriph_Driver/src/stm32f0xx_iwdg.c ****     [..] The IWDG can be started by either software or hardware (configurable
  19:Libraries/STM32F0xx_StdPeriph_Driver/src/stm32f0xx_iwdg.c ****          through option byte).
  20:Libraries/STM32F0xx_StdPeriph_Driver/src/stm32f0xx_iwdg.c ****              
  21:Libraries/STM32F0xx_StdPeriph_Driver/src/stm32f0xx_iwdg.c ****     [..] The IWDG is clocked by its own dedicated low-speed clock (LSI) and
  22:Libraries/STM32F0xx_StdPeriph_Driver/src/stm32f0xx_iwdg.c ****          thus stays active even if the main clock fails.
  23:Libraries/STM32F0xx_StdPeriph_Driver/src/stm32f0xx_iwdg.c ****          Once the IWDG is started, the LSI is forced ON and cannot be disabled
  24:Libraries/STM32F0xx_StdPeriph_Driver/src/stm32f0xx_iwdg.c ****          (LSI cannot be disabled too), and the counter starts counting down from 
  25:Libraries/STM32F0xx_StdPeriph_Driver/src/stm32f0xx_iwdg.c ****          the reset value of 0xFFF. When it reaches the end of count value (0x000)
  26:Libraries/STM32F0xx_StdPeriph_Driver/src/stm32f0xx_iwdg.c ****          a system reset is generated.
  27:Libraries/STM32F0xx_StdPeriph_Driver/src/stm32f0xx_iwdg.c ****          The IWDG counter should be reloaded at regular intervals to prevent
  28:Libraries/STM32F0xx_StdPeriph_Driver/src/stm32f0xx_iwdg.c ****          an MCU reset.
  29:Libraries/STM32F0xx_StdPeriph_Driver/src/stm32f0xx_iwdg.c ****                              
  30:Libraries/STM32F0xx_StdPeriph_Driver/src/stm32f0xx_iwdg.c ****     [..] The IWDG is implemented in the VDD voltage domain that is still functional
  31:Libraries/STM32F0xx_StdPeriph_Driver/src/stm32f0xx_iwdg.c ****          in STOP and STANDBY mode (IWDG reset can wake-up from STANDBY).
ARM GAS  /tmp/cc1hHLvb.s 			page 2


  32:Libraries/STM32F0xx_StdPeriph_Driver/src/stm32f0xx_iwdg.c ****               
  33:Libraries/STM32F0xx_StdPeriph_Driver/src/stm32f0xx_iwdg.c ****     [..] IWDGRST flag in RCC_CSR register can be used to inform when a IWDG
  34:Libraries/STM32F0xx_StdPeriph_Driver/src/stm32f0xx_iwdg.c ****          reset occurs.
  35:Libraries/STM32F0xx_StdPeriph_Driver/src/stm32f0xx_iwdg.c ****               
  36:Libraries/STM32F0xx_StdPeriph_Driver/src/stm32f0xx_iwdg.c ****     [..] Min-max timeout value @40KHz (LSI): ~0.1ms / ~28.3s
  37:Libraries/STM32F0xx_StdPeriph_Driver/src/stm32f0xx_iwdg.c ****          The IWDG timeout may vary due to LSI frequency dispersion. STM32F0xx
  38:Libraries/STM32F0xx_StdPeriph_Driver/src/stm32f0xx_iwdg.c ****          devices provide the capability to measure the LSI frequency (LSI clock
  39:Libraries/STM32F0xx_StdPeriph_Driver/src/stm32f0xx_iwdg.c ****          should be seleted as RTC clock which is internally connected to TIM10 CH1
  40:Libraries/STM32F0xx_StdPeriph_Driver/src/stm32f0xx_iwdg.c ****          input capture). The measured value can be used to have an IWDG timeout with
  41:Libraries/STM32F0xx_StdPeriph_Driver/src/stm32f0xx_iwdg.c ****          an acceptable accuracy. 
  42:Libraries/STM32F0xx_StdPeriph_Driver/src/stm32f0xx_iwdg.c ****          For more information, please refer to the STM32F0xx Reference manual.
  43:Libraries/STM32F0xx_StdPeriph_Driver/src/stm32f0xx_iwdg.c ****             
  44:Libraries/STM32F0xx_StdPeriph_Driver/src/stm32f0xx_iwdg.c ****                           ##### How to use this driver ##### 
  45:Libraries/STM32F0xx_StdPeriph_Driver/src/stm32f0xx_iwdg.c ****   ============================================================================== 
  46:Libraries/STM32F0xx_StdPeriph_Driver/src/stm32f0xx_iwdg.c ****     [..] This driver allows to use IWDG peripheral with either window option enabled
  47:Libraries/STM32F0xx_StdPeriph_Driver/src/stm32f0xx_iwdg.c ****          or disabled. To do so follow one of the two procedures below.
  48:Libraries/STM32F0xx_StdPeriph_Driver/src/stm32f0xx_iwdg.c ****     (#) Window option is enabled:    
  49:Libraries/STM32F0xx_StdPeriph_Driver/src/stm32f0xx_iwdg.c ****         (++) Start the IWDG using IWDG_Enable() function, when the IWDG is used
  50:Libraries/STM32F0xx_StdPeriph_Driver/src/stm32f0xx_iwdg.c ****              in software mode (no need to enable the LSI, it will be enabled
  51:Libraries/STM32F0xx_StdPeriph_Driver/src/stm32f0xx_iwdg.c ****              by hardware).        
  52:Libraries/STM32F0xx_StdPeriph_Driver/src/stm32f0xx_iwdg.c ****         (++) Enable write access to IWDG_PR and IWDG_RLR registers using
  53:Libraries/STM32F0xx_StdPeriph_Driver/src/stm32f0xx_iwdg.c ****              IWDG_WriteAccessCmd(IWDG_WriteAccess_Enable) function.
  54:Libraries/STM32F0xx_StdPeriph_Driver/src/stm32f0xx_iwdg.c ****         (++) Configure the IWDG prescaler using IWDG_SetPrescaler() function.
  55:Libraries/STM32F0xx_StdPeriph_Driver/src/stm32f0xx_iwdg.c ****         (++) Configure the IWDG counter value using IWDG_SetReload() function.
  56:Libraries/STM32F0xx_StdPeriph_Driver/src/stm32f0xx_iwdg.c ****              This value will be loaded in the IWDG counter each time the counter
  57:Libraries/STM32F0xx_StdPeriph_Driver/src/stm32f0xx_iwdg.c ****              is reloaded, then the IWDG will start counting down from this value.
  58:Libraries/STM32F0xx_StdPeriph_Driver/src/stm32f0xx_iwdg.c ****         (++) Wait for the IWDG registers to be updated using IWDG_GetFlagStatus() function.
  59:Libraries/STM32F0xx_StdPeriph_Driver/src/stm32f0xx_iwdg.c ****         (++) Configure the IWDG refresh window using IWDG_SetWindowValue() function.
  60:Libraries/STM32F0xx_StdPeriph_Driver/src/stm32f0xx_iwdg.c **** 
  61:Libraries/STM32F0xx_StdPeriph_Driver/src/stm32f0xx_iwdg.c ****     (#) Window option is disabled:    
  62:Libraries/STM32F0xx_StdPeriph_Driver/src/stm32f0xx_iwdg.c ****         (++) Enable write access to IWDG_PR and IWDG_RLR registers using
  63:Libraries/STM32F0xx_StdPeriph_Driver/src/stm32f0xx_iwdg.c ****              IWDG_WriteAccessCmd(IWDG_WriteAccess_Enable) function.
  64:Libraries/STM32F0xx_StdPeriph_Driver/src/stm32f0xx_iwdg.c ****         (++) Configure the IWDG prescaler using IWDG_SetPrescaler() function.
  65:Libraries/STM32F0xx_StdPeriph_Driver/src/stm32f0xx_iwdg.c ****         (++) Configure the IWDG counter value using IWDG_SetReload() function.
  66:Libraries/STM32F0xx_StdPeriph_Driver/src/stm32f0xx_iwdg.c ****              This value will be loaded in the IWDG counter each time the counter
  67:Libraries/STM32F0xx_StdPeriph_Driver/src/stm32f0xx_iwdg.c ****              is reloaded, then the IWDG will start counting down from this value.
  68:Libraries/STM32F0xx_StdPeriph_Driver/src/stm32f0xx_iwdg.c ****         (++) Wait for the IWDG registers to be updated using IWDG_GetFlagStatus() function.
  69:Libraries/STM32F0xx_StdPeriph_Driver/src/stm32f0xx_iwdg.c ****         (++) reload the IWDG counter at regular intervals during normal operation 
  70:Libraries/STM32F0xx_StdPeriph_Driver/src/stm32f0xx_iwdg.c ****              to prevent an MCU reset, using IWDG_ReloadCounter() function.
  71:Libraries/STM32F0xx_StdPeriph_Driver/src/stm32f0xx_iwdg.c ****         (++) Start the IWDG using IWDG_Enable() function, when the IWDG is used
  72:Libraries/STM32F0xx_StdPeriph_Driver/src/stm32f0xx_iwdg.c ****              in software mode (no need to enable the LSI, it will be enabled
  73:Libraries/STM32F0xx_StdPeriph_Driver/src/stm32f0xx_iwdg.c ****              by hardware).
  74:Libraries/STM32F0xx_StdPeriph_Driver/src/stm32f0xx_iwdg.c ****               
  75:Libraries/STM32F0xx_StdPeriph_Driver/src/stm32f0xx_iwdg.c ****     @endverbatim
  76:Libraries/STM32F0xx_StdPeriph_Driver/src/stm32f0xx_iwdg.c ****   *    
  77:Libraries/STM32F0xx_StdPeriph_Driver/src/stm32f0xx_iwdg.c ****   ******************************************************************************
  78:Libraries/STM32F0xx_StdPeriph_Driver/src/stm32f0xx_iwdg.c ****   * @attention
  79:Libraries/STM32F0xx_StdPeriph_Driver/src/stm32f0xx_iwdg.c ****   *
  80:Libraries/STM32F0xx_StdPeriph_Driver/src/stm32f0xx_iwdg.c ****   * <h2><center>&copy; COPYRIGHT 2012 STMicroelectronics</center></h2>
  81:Libraries/STM32F0xx_StdPeriph_Driver/src/stm32f0xx_iwdg.c ****   *
  82:Libraries/STM32F0xx_StdPeriph_Driver/src/stm32f0xx_iwdg.c ****   * Licensed under MCD-ST Liberty SW License Agreement V2, (the "License");
  83:Libraries/STM32F0xx_StdPeriph_Driver/src/stm32f0xx_iwdg.c ****   * You may not use this file except in compliance with the License.
  84:Libraries/STM32F0xx_StdPeriph_Driver/src/stm32f0xx_iwdg.c ****   * You may obtain a copy of the License at:
  85:Libraries/STM32F0xx_StdPeriph_Driver/src/stm32f0xx_iwdg.c ****   *
  86:Libraries/STM32F0xx_StdPeriph_Driver/src/stm32f0xx_iwdg.c ****   *        http://www.st.com/software_license_agreement_liberty_v2
  87:Libraries/STM32F0xx_StdPeriph_Driver/src/stm32f0xx_iwdg.c ****   *
  88:Libraries/STM32F0xx_StdPeriph_Driver/src/stm32f0xx_iwdg.c ****   * Unless required by applicable law or agreed to in writing, software 
ARM GAS  /tmp/cc1hHLvb.s 			page 3


  89:Libraries/STM32F0xx_StdPeriph_Driver/src/stm32f0xx_iwdg.c ****   * distributed under the License is distributed on an "AS IS" BASIS, 
  90:Libraries/STM32F0xx_StdPeriph_Driver/src/stm32f0xx_iwdg.c ****   * WITHOUT WARRANTIES OR CONDITIONS OF ANY KIND, either express or implied.
  91:Libraries/STM32F0xx_StdPeriph_Driver/src/stm32f0xx_iwdg.c ****   * See the License for the specific language governing permissions and
  92:Libraries/STM32F0xx_StdPeriph_Driver/src/stm32f0xx_iwdg.c ****   * limitations under the License.
  93:Libraries/STM32F0xx_StdPeriph_Driver/src/stm32f0xx_iwdg.c ****   *
  94:Libraries/STM32F0xx_StdPeriph_Driver/src/stm32f0xx_iwdg.c ****   ******************************************************************************
  95:Libraries/STM32F0xx_StdPeriph_Driver/src/stm32f0xx_iwdg.c ****   */
  96:Libraries/STM32F0xx_StdPeriph_Driver/src/stm32f0xx_iwdg.c **** 
  97:Libraries/STM32F0xx_StdPeriph_Driver/src/stm32f0xx_iwdg.c **** /* Includes ------------------------------------------------------------------*/
  98:Libraries/STM32F0xx_StdPeriph_Driver/src/stm32f0xx_iwdg.c **** #include "stm32f0xx_iwdg.h"
  99:Libraries/STM32F0xx_StdPeriph_Driver/src/stm32f0xx_iwdg.c **** 
 100:Libraries/STM32F0xx_StdPeriph_Driver/src/stm32f0xx_iwdg.c **** /** @addtogroup STM32F0xx_StdPeriph_Driver
 101:Libraries/STM32F0xx_StdPeriph_Driver/src/stm32f0xx_iwdg.c ****   * @{
 102:Libraries/STM32F0xx_StdPeriph_Driver/src/stm32f0xx_iwdg.c ****   */
 103:Libraries/STM32F0xx_StdPeriph_Driver/src/stm32f0xx_iwdg.c **** 
 104:Libraries/STM32F0xx_StdPeriph_Driver/src/stm32f0xx_iwdg.c **** /** @defgroup IWDG 
 105:Libraries/STM32F0xx_StdPeriph_Driver/src/stm32f0xx_iwdg.c ****   * @brief IWDG driver modules
 106:Libraries/STM32F0xx_StdPeriph_Driver/src/stm32f0xx_iwdg.c ****   * @{
 107:Libraries/STM32F0xx_StdPeriph_Driver/src/stm32f0xx_iwdg.c ****   */ 
 108:Libraries/STM32F0xx_StdPeriph_Driver/src/stm32f0xx_iwdg.c **** 
 109:Libraries/STM32F0xx_StdPeriph_Driver/src/stm32f0xx_iwdg.c **** /* Private typedef -----------------------------------------------------------*/
 110:Libraries/STM32F0xx_StdPeriph_Driver/src/stm32f0xx_iwdg.c **** /* Private define ------------------------------------------------------------*/
 111:Libraries/STM32F0xx_StdPeriph_Driver/src/stm32f0xx_iwdg.c **** /* ---------------------- IWDG registers bit mask ----------------------------*/
 112:Libraries/STM32F0xx_StdPeriph_Driver/src/stm32f0xx_iwdg.c **** /* KR register bit mask */
 113:Libraries/STM32F0xx_StdPeriph_Driver/src/stm32f0xx_iwdg.c **** #define KR_KEY_RELOAD    ((uint16_t)0xAAAA)
 114:Libraries/STM32F0xx_StdPeriph_Driver/src/stm32f0xx_iwdg.c **** #define KR_KEY_ENABLE    ((uint16_t)0xCCCC)
 115:Libraries/STM32F0xx_StdPeriph_Driver/src/stm32f0xx_iwdg.c **** 
 116:Libraries/STM32F0xx_StdPeriph_Driver/src/stm32f0xx_iwdg.c **** /* Private macro -------------------------------------------------------------*/
 117:Libraries/STM32F0xx_StdPeriph_Driver/src/stm32f0xx_iwdg.c **** /* Private variables ---------------------------------------------------------*/
 118:Libraries/STM32F0xx_StdPeriph_Driver/src/stm32f0xx_iwdg.c **** /* Private function prototypes -----------------------------------------------*/
 119:Libraries/STM32F0xx_StdPeriph_Driver/src/stm32f0xx_iwdg.c **** /* Private functions ---------------------------------------------------------*/
 120:Libraries/STM32F0xx_StdPeriph_Driver/src/stm32f0xx_iwdg.c **** 
 121:Libraries/STM32F0xx_StdPeriph_Driver/src/stm32f0xx_iwdg.c **** /** @defgroup IWDG_Private_Functions
 122:Libraries/STM32F0xx_StdPeriph_Driver/src/stm32f0xx_iwdg.c ****   * @{
 123:Libraries/STM32F0xx_StdPeriph_Driver/src/stm32f0xx_iwdg.c ****   */
 124:Libraries/STM32F0xx_StdPeriph_Driver/src/stm32f0xx_iwdg.c **** 
 125:Libraries/STM32F0xx_StdPeriph_Driver/src/stm32f0xx_iwdg.c **** /** @defgroup IWDG_Group1 Prescaler and Counter configuration functions
 126:Libraries/STM32F0xx_StdPeriph_Driver/src/stm32f0xx_iwdg.c ****  *  @brief   Prescaler and Counter configuration functions
 127:Libraries/STM32F0xx_StdPeriph_Driver/src/stm32f0xx_iwdg.c ****  *
 128:Libraries/STM32F0xx_StdPeriph_Driver/src/stm32f0xx_iwdg.c **** @verbatim   
 129:Libraries/STM32F0xx_StdPeriph_Driver/src/stm32f0xx_iwdg.c ****   ==============================================================================
 130:Libraries/STM32F0xx_StdPeriph_Driver/src/stm32f0xx_iwdg.c ****             ##### Prescaler and Counter configuration functions #####
 131:Libraries/STM32F0xx_StdPeriph_Driver/src/stm32f0xx_iwdg.c ****   ==============================================================================  
 132:Libraries/STM32F0xx_StdPeriph_Driver/src/stm32f0xx_iwdg.c **** 
 133:Libraries/STM32F0xx_StdPeriph_Driver/src/stm32f0xx_iwdg.c **** @endverbatim
 134:Libraries/STM32F0xx_StdPeriph_Driver/src/stm32f0xx_iwdg.c ****   * @{
 135:Libraries/STM32F0xx_StdPeriph_Driver/src/stm32f0xx_iwdg.c ****   */
 136:Libraries/STM32F0xx_StdPeriph_Driver/src/stm32f0xx_iwdg.c **** 
 137:Libraries/STM32F0xx_StdPeriph_Driver/src/stm32f0xx_iwdg.c **** /**
 138:Libraries/STM32F0xx_StdPeriph_Driver/src/stm32f0xx_iwdg.c ****   * @brief  Enables or disables write access to IWDG_PR and IWDG_RLR registers.
 139:Libraries/STM32F0xx_StdPeriph_Driver/src/stm32f0xx_iwdg.c ****   * @param  IWDG_WriteAccess: new state of write access to IWDG_PR and IWDG_RLR registers.
 140:Libraries/STM32F0xx_StdPeriph_Driver/src/stm32f0xx_iwdg.c ****   *   This parameter can be one of the following values:
 141:Libraries/STM32F0xx_StdPeriph_Driver/src/stm32f0xx_iwdg.c ****   *     @arg IWDG_WriteAccess_Enable: Enable write access to IWDG_PR and IWDG_RLR registers
 142:Libraries/STM32F0xx_StdPeriph_Driver/src/stm32f0xx_iwdg.c ****   *     @arg IWDG_WriteAccess_Disable: Disable write access to IWDG_PR and IWDG_RLR registers
 143:Libraries/STM32F0xx_StdPeriph_Driver/src/stm32f0xx_iwdg.c ****   * @retval None
 144:Libraries/STM32F0xx_StdPeriph_Driver/src/stm32f0xx_iwdg.c ****   */
 145:Libraries/STM32F0xx_StdPeriph_Driver/src/stm32f0xx_iwdg.c **** void IWDG_WriteAccessCmd(uint16_t IWDG_WriteAccess)
ARM GAS  /tmp/cc1hHLvb.s 			page 4


 146:Libraries/STM32F0xx_StdPeriph_Driver/src/stm32f0xx_iwdg.c **** {
  28              		.loc 1 146 1 view -0
  29              		.cfi_startproc
  30              		@ args = 0, pretend = 0, frame = 0
  31              		@ frame_needed = 0, uses_anonymous_args = 0
  32              		@ link register save eliminated.
 147:Libraries/STM32F0xx_StdPeriph_Driver/src/stm32f0xx_iwdg.c ****   /* Check the parameters */
 148:Libraries/STM32F0xx_StdPeriph_Driver/src/stm32f0xx_iwdg.c ****   assert_param(IS_IWDG_WRITE_ACCESS(IWDG_WriteAccess));
  33              		.loc 1 148 3 view .LVU1
 149:Libraries/STM32F0xx_StdPeriph_Driver/src/stm32f0xx_iwdg.c ****   IWDG->KR = IWDG_WriteAccess;
  34              		.loc 1 149 3 view .LVU2
  35              		.loc 1 149 12 is_stmt 0 view .LVU3
  36 0000 014B     		ldr	r3, .L2
  37 0002 1860     		str	r0, [r3]
 150:Libraries/STM32F0xx_StdPeriph_Driver/src/stm32f0xx_iwdg.c **** }
  38              		.loc 1 150 1 view .LVU4
  39              		@ sp needed
  40 0004 7047     		bx	lr
  41              	.L3:
  42 0006 C046     		.align	2
  43              	.L2:
  44 0008 00300040 		.word	1073754112
  45              		.cfi_endproc
  46              	.LFE32:
  48              		.section	.text.IWDG_SetPrescaler,"ax",%progbits
  49              		.align	1
  50              		.global	IWDG_SetPrescaler
  51              		.syntax unified
  52              		.code	16
  53              		.thumb_func
  54              		.fpu softvfp
  56              	IWDG_SetPrescaler:
  57              	.LVL1:
  58              	.LFB33:
 151:Libraries/STM32F0xx_StdPeriph_Driver/src/stm32f0xx_iwdg.c **** 
 152:Libraries/STM32F0xx_StdPeriph_Driver/src/stm32f0xx_iwdg.c **** /**
 153:Libraries/STM32F0xx_StdPeriph_Driver/src/stm32f0xx_iwdg.c ****   * @brief  Sets IWDG Prescaler value.
 154:Libraries/STM32F0xx_StdPeriph_Driver/src/stm32f0xx_iwdg.c ****   * @param  IWDG_Prescaler: specifies the IWDG Prescaler value.
 155:Libraries/STM32F0xx_StdPeriph_Driver/src/stm32f0xx_iwdg.c ****   *   This parameter can be one of the following values:
 156:Libraries/STM32F0xx_StdPeriph_Driver/src/stm32f0xx_iwdg.c ****   *     @arg IWDG_Prescaler_4: IWDG prescaler set to 4
 157:Libraries/STM32F0xx_StdPeriph_Driver/src/stm32f0xx_iwdg.c ****   *     @arg IWDG_Prescaler_8: IWDG prescaler set to 8
 158:Libraries/STM32F0xx_StdPeriph_Driver/src/stm32f0xx_iwdg.c ****   *     @arg IWDG_Prescaler_16: IWDG prescaler set to 16
 159:Libraries/STM32F0xx_StdPeriph_Driver/src/stm32f0xx_iwdg.c ****   *     @arg IWDG_Prescaler_32: IWDG prescaler set to 32
 160:Libraries/STM32F0xx_StdPeriph_Driver/src/stm32f0xx_iwdg.c ****   *     @arg IWDG_Prescaler_64: IWDG prescaler set to 64
 161:Libraries/STM32F0xx_StdPeriph_Driver/src/stm32f0xx_iwdg.c ****   *     @arg IWDG_Prescaler_128: IWDG prescaler set to 128
 162:Libraries/STM32F0xx_StdPeriph_Driver/src/stm32f0xx_iwdg.c ****   *     @arg IWDG_Prescaler_256: IWDG prescaler set to 256
 163:Libraries/STM32F0xx_StdPeriph_Driver/src/stm32f0xx_iwdg.c ****   * @retval None
 164:Libraries/STM32F0xx_StdPeriph_Driver/src/stm32f0xx_iwdg.c ****   */
 165:Libraries/STM32F0xx_StdPeriph_Driver/src/stm32f0xx_iwdg.c **** void IWDG_SetPrescaler(uint8_t IWDG_Prescaler)
 166:Libraries/STM32F0xx_StdPeriph_Driver/src/stm32f0xx_iwdg.c **** {
  59              		.loc 1 166 1 is_stmt 1 view -0
  60              		.cfi_startproc
  61              		@ args = 0, pretend = 0, frame = 0
  62              		@ frame_needed = 0, uses_anonymous_args = 0
  63              		@ link register save eliminated.
 167:Libraries/STM32F0xx_StdPeriph_Driver/src/stm32f0xx_iwdg.c ****   /* Check the parameters */
 168:Libraries/STM32F0xx_StdPeriph_Driver/src/stm32f0xx_iwdg.c ****   assert_param(IS_IWDG_PRESCALER(IWDG_Prescaler));
ARM GAS  /tmp/cc1hHLvb.s 			page 5


  64              		.loc 1 168 3 view .LVU6
 169:Libraries/STM32F0xx_StdPeriph_Driver/src/stm32f0xx_iwdg.c ****   IWDG->PR = IWDG_Prescaler;
  65              		.loc 1 169 3 view .LVU7
  66              		.loc 1 169 12 is_stmt 0 view .LVU8
  67 0000 014B     		ldr	r3, .L5
  68 0002 5860     		str	r0, [r3, #4]
 170:Libraries/STM32F0xx_StdPeriph_Driver/src/stm32f0xx_iwdg.c **** }
  69              		.loc 1 170 1 view .LVU9
  70              		@ sp needed
  71 0004 7047     		bx	lr
  72              	.L6:
  73 0006 C046     		.align	2
  74              	.L5:
  75 0008 00300040 		.word	1073754112
  76              		.cfi_endproc
  77              	.LFE33:
  79              		.section	.text.IWDG_SetReload,"ax",%progbits
  80              		.align	1
  81              		.global	IWDG_SetReload
  82              		.syntax unified
  83              		.code	16
  84              		.thumb_func
  85              		.fpu softvfp
  87              	IWDG_SetReload:
  88              	.LVL2:
  89              	.LFB34:
 171:Libraries/STM32F0xx_StdPeriph_Driver/src/stm32f0xx_iwdg.c **** 
 172:Libraries/STM32F0xx_StdPeriph_Driver/src/stm32f0xx_iwdg.c **** /**
 173:Libraries/STM32F0xx_StdPeriph_Driver/src/stm32f0xx_iwdg.c ****   * @brief  Sets IWDG Reload value.
 174:Libraries/STM32F0xx_StdPeriph_Driver/src/stm32f0xx_iwdg.c ****   * @param  Reload: specifies the IWDG Reload value.
 175:Libraries/STM32F0xx_StdPeriph_Driver/src/stm32f0xx_iwdg.c ****   *   This parameter must be a number between 0 and 0x0FFF.
 176:Libraries/STM32F0xx_StdPeriph_Driver/src/stm32f0xx_iwdg.c ****   * @retval None
 177:Libraries/STM32F0xx_StdPeriph_Driver/src/stm32f0xx_iwdg.c ****   */
 178:Libraries/STM32F0xx_StdPeriph_Driver/src/stm32f0xx_iwdg.c **** void IWDG_SetReload(uint16_t Reload)
 179:Libraries/STM32F0xx_StdPeriph_Driver/src/stm32f0xx_iwdg.c **** {
  90              		.loc 1 179 1 is_stmt 1 view -0
  91              		.cfi_startproc
  92              		@ args = 0, pretend = 0, frame = 0
  93              		@ frame_needed = 0, uses_anonymous_args = 0
  94              		@ link register save eliminated.
 180:Libraries/STM32F0xx_StdPeriph_Driver/src/stm32f0xx_iwdg.c ****   /* Check the parameters */
 181:Libraries/STM32F0xx_StdPeriph_Driver/src/stm32f0xx_iwdg.c ****   assert_param(IS_IWDG_RELOAD(Reload));
  95              		.loc 1 181 3 view .LVU11
 182:Libraries/STM32F0xx_StdPeriph_Driver/src/stm32f0xx_iwdg.c ****   IWDG->RLR = Reload;
  96              		.loc 1 182 3 view .LVU12
  97              		.loc 1 182 13 is_stmt 0 view .LVU13
  98 0000 014B     		ldr	r3, .L8
  99 0002 9860     		str	r0, [r3, #8]
 183:Libraries/STM32F0xx_StdPeriph_Driver/src/stm32f0xx_iwdg.c **** }
 100              		.loc 1 183 1 view .LVU14
 101              		@ sp needed
 102 0004 7047     		bx	lr
 103              	.L9:
 104 0006 C046     		.align	2
 105              	.L8:
 106 0008 00300040 		.word	1073754112
 107              		.cfi_endproc
ARM GAS  /tmp/cc1hHLvb.s 			page 6


 108              	.LFE34:
 110              		.section	.text.IWDG_ReloadCounter,"ax",%progbits
 111              		.align	1
 112              		.global	IWDG_ReloadCounter
 113              		.syntax unified
 114              		.code	16
 115              		.thumb_func
 116              		.fpu softvfp
 118              	IWDG_ReloadCounter:
 119              	.LFB35:
 184:Libraries/STM32F0xx_StdPeriph_Driver/src/stm32f0xx_iwdg.c **** 
 185:Libraries/STM32F0xx_StdPeriph_Driver/src/stm32f0xx_iwdg.c **** /**
 186:Libraries/STM32F0xx_StdPeriph_Driver/src/stm32f0xx_iwdg.c ****   * @brief  Reloads IWDG counter with value defined in the reload register
 187:Libraries/STM32F0xx_StdPeriph_Driver/src/stm32f0xx_iwdg.c ****   *   (write access to IWDG_PR and IWDG_RLR registers disabled).
 188:Libraries/STM32F0xx_StdPeriph_Driver/src/stm32f0xx_iwdg.c ****   * @param  None
 189:Libraries/STM32F0xx_StdPeriph_Driver/src/stm32f0xx_iwdg.c ****   * @retval None
 190:Libraries/STM32F0xx_StdPeriph_Driver/src/stm32f0xx_iwdg.c ****   */
 191:Libraries/STM32F0xx_StdPeriph_Driver/src/stm32f0xx_iwdg.c **** void IWDG_ReloadCounter(void)
 192:Libraries/STM32F0xx_StdPeriph_Driver/src/stm32f0xx_iwdg.c **** {
 120              		.loc 1 192 1 is_stmt 1 view -0
 121              		.cfi_startproc
 122              		@ args = 0, pretend = 0, frame = 0
 123              		@ frame_needed = 0, uses_anonymous_args = 0
 124              		@ link register save eliminated.
 193:Libraries/STM32F0xx_StdPeriph_Driver/src/stm32f0xx_iwdg.c ****   IWDG->KR = KR_KEY_RELOAD;
 125              		.loc 1 193 3 view .LVU16
 126              		.loc 1 193 12 is_stmt 0 view .LVU17
 127 0000 014B     		ldr	r3, .L11
 128 0002 024A     		ldr	r2, .L11+4
 129 0004 1A60     		str	r2, [r3]
 194:Libraries/STM32F0xx_StdPeriph_Driver/src/stm32f0xx_iwdg.c **** }
 130              		.loc 1 194 1 view .LVU18
 131              		@ sp needed
 132 0006 7047     		bx	lr
 133              	.L12:
 134              		.align	2
 135              	.L11:
 136 0008 00300040 		.word	1073754112
 137 000c AAAA0000 		.word	43690
 138              		.cfi_endproc
 139              	.LFE35:
 141              		.section	.text.IWDG_SetWindowValue,"ax",%progbits
 142              		.align	1
 143              		.global	IWDG_SetWindowValue
 144              		.syntax unified
 145              		.code	16
 146              		.thumb_func
 147              		.fpu softvfp
 149              	IWDG_SetWindowValue:
 150              	.LVL3:
 151              	.LFB36:
 195:Libraries/STM32F0xx_StdPeriph_Driver/src/stm32f0xx_iwdg.c **** 
 196:Libraries/STM32F0xx_StdPeriph_Driver/src/stm32f0xx_iwdg.c **** 
 197:Libraries/STM32F0xx_StdPeriph_Driver/src/stm32f0xx_iwdg.c **** /**
 198:Libraries/STM32F0xx_StdPeriph_Driver/src/stm32f0xx_iwdg.c ****   * @brief  Sets the IWDG window value.
 199:Libraries/STM32F0xx_StdPeriph_Driver/src/stm32f0xx_iwdg.c ****   * @param  WindowValue: specifies the window value to be compared to the downcounter.
 200:Libraries/STM32F0xx_StdPeriph_Driver/src/stm32f0xx_iwdg.c ****   * @retval None
ARM GAS  /tmp/cc1hHLvb.s 			page 7


 201:Libraries/STM32F0xx_StdPeriph_Driver/src/stm32f0xx_iwdg.c ****   */
 202:Libraries/STM32F0xx_StdPeriph_Driver/src/stm32f0xx_iwdg.c **** void IWDG_SetWindowValue(uint16_t WindowValue)
 203:Libraries/STM32F0xx_StdPeriph_Driver/src/stm32f0xx_iwdg.c **** {
 152              		.loc 1 203 1 is_stmt 1 view -0
 153              		.cfi_startproc
 154              		@ args = 0, pretend = 0, frame = 0
 155              		@ frame_needed = 0, uses_anonymous_args = 0
 156              		@ link register save eliminated.
 204:Libraries/STM32F0xx_StdPeriph_Driver/src/stm32f0xx_iwdg.c ****   /* Check the parameters */
 205:Libraries/STM32F0xx_StdPeriph_Driver/src/stm32f0xx_iwdg.c ****   assert_param(IS_IWDG_WINDOW_VALUE(WindowValue));
 157              		.loc 1 205 3 view .LVU20
 206:Libraries/STM32F0xx_StdPeriph_Driver/src/stm32f0xx_iwdg.c ****   IWDG->WINR = WindowValue;
 158              		.loc 1 206 3 view .LVU21
 159              		.loc 1 206 14 is_stmt 0 view .LVU22
 160 0000 014B     		ldr	r3, .L14
 161 0002 1861     		str	r0, [r3, #16]
 207:Libraries/STM32F0xx_StdPeriph_Driver/src/stm32f0xx_iwdg.c **** }
 162              		.loc 1 207 1 view .LVU23
 163              		@ sp needed
 164 0004 7047     		bx	lr
 165              	.L15:
 166 0006 C046     		.align	2
 167              	.L14:
 168 0008 00300040 		.word	1073754112
 169              		.cfi_endproc
 170              	.LFE36:
 172              		.section	.text.IWDG_Enable,"ax",%progbits
 173              		.align	1
 174              		.global	IWDG_Enable
 175              		.syntax unified
 176              		.code	16
 177              		.thumb_func
 178              		.fpu softvfp
 180              	IWDG_Enable:
 181              	.LFB37:
 208:Libraries/STM32F0xx_StdPeriph_Driver/src/stm32f0xx_iwdg.c **** 
 209:Libraries/STM32F0xx_StdPeriph_Driver/src/stm32f0xx_iwdg.c **** /**
 210:Libraries/STM32F0xx_StdPeriph_Driver/src/stm32f0xx_iwdg.c ****   * @}
 211:Libraries/STM32F0xx_StdPeriph_Driver/src/stm32f0xx_iwdg.c ****   */
 212:Libraries/STM32F0xx_StdPeriph_Driver/src/stm32f0xx_iwdg.c **** 
 213:Libraries/STM32F0xx_StdPeriph_Driver/src/stm32f0xx_iwdg.c **** /** @defgroup IWDG_Group2 IWDG activation function
 214:Libraries/STM32F0xx_StdPeriph_Driver/src/stm32f0xx_iwdg.c ****  *  @brief   IWDG activation function 
 215:Libraries/STM32F0xx_StdPeriph_Driver/src/stm32f0xx_iwdg.c ****  *
 216:Libraries/STM32F0xx_StdPeriph_Driver/src/stm32f0xx_iwdg.c **** @verbatim   
 217:Libraries/STM32F0xx_StdPeriph_Driver/src/stm32f0xx_iwdg.c ****  ==============================================================================
 218:Libraries/STM32F0xx_StdPeriph_Driver/src/stm32f0xx_iwdg.c ****                           ##### IWDG activation function #####
 219:Libraries/STM32F0xx_StdPeriph_Driver/src/stm32f0xx_iwdg.c ****  ==============================================================================  
 220:Libraries/STM32F0xx_StdPeriph_Driver/src/stm32f0xx_iwdg.c **** 
 221:Libraries/STM32F0xx_StdPeriph_Driver/src/stm32f0xx_iwdg.c **** @endverbatim
 222:Libraries/STM32F0xx_StdPeriph_Driver/src/stm32f0xx_iwdg.c ****   * @{
 223:Libraries/STM32F0xx_StdPeriph_Driver/src/stm32f0xx_iwdg.c ****   */
 224:Libraries/STM32F0xx_StdPeriph_Driver/src/stm32f0xx_iwdg.c **** 
 225:Libraries/STM32F0xx_StdPeriph_Driver/src/stm32f0xx_iwdg.c **** /**
 226:Libraries/STM32F0xx_StdPeriph_Driver/src/stm32f0xx_iwdg.c ****   * @brief  Enables IWDG (write access to IWDG_PR and IWDG_RLR registers disabled).
 227:Libraries/STM32F0xx_StdPeriph_Driver/src/stm32f0xx_iwdg.c ****   * @param  None.
 228:Libraries/STM32F0xx_StdPeriph_Driver/src/stm32f0xx_iwdg.c ****   * @retval None.
 229:Libraries/STM32F0xx_StdPeriph_Driver/src/stm32f0xx_iwdg.c ****   */
ARM GAS  /tmp/cc1hHLvb.s 			page 8


 230:Libraries/STM32F0xx_StdPeriph_Driver/src/stm32f0xx_iwdg.c **** void IWDG_Enable(void)
 231:Libraries/STM32F0xx_StdPeriph_Driver/src/stm32f0xx_iwdg.c **** {
 182              		.loc 1 231 1 is_stmt 1 view -0
 183              		.cfi_startproc
 184              		@ args = 0, pretend = 0, frame = 0
 185              		@ frame_needed = 0, uses_anonymous_args = 0
 186              		@ link register save eliminated.
 232:Libraries/STM32F0xx_StdPeriph_Driver/src/stm32f0xx_iwdg.c ****   IWDG->KR = KR_KEY_ENABLE;
 187              		.loc 1 232 3 view .LVU25
 188              		.loc 1 232 12 is_stmt 0 view .LVU26
 189 0000 014B     		ldr	r3, .L17
 190 0002 024A     		ldr	r2, .L17+4
 191 0004 1A60     		str	r2, [r3]
 233:Libraries/STM32F0xx_StdPeriph_Driver/src/stm32f0xx_iwdg.c **** }
 192              		.loc 1 233 1 view .LVU27
 193              		@ sp needed
 194 0006 7047     		bx	lr
 195              	.L18:
 196              		.align	2
 197              	.L17:
 198 0008 00300040 		.word	1073754112
 199 000c CCCC0000 		.word	52428
 200              		.cfi_endproc
 201              	.LFE37:
 203              		.section	.text.IWDG_GetFlagStatus,"ax",%progbits
 204              		.align	1
 205              		.global	IWDG_GetFlagStatus
 206              		.syntax unified
 207              		.code	16
 208              		.thumb_func
 209              		.fpu softvfp
 211              	IWDG_GetFlagStatus:
 212              	.LVL4:
 213              	.LFB38:
 234:Libraries/STM32F0xx_StdPeriph_Driver/src/stm32f0xx_iwdg.c **** 
 235:Libraries/STM32F0xx_StdPeriph_Driver/src/stm32f0xx_iwdg.c **** /**
 236:Libraries/STM32F0xx_StdPeriph_Driver/src/stm32f0xx_iwdg.c ****   * @}
 237:Libraries/STM32F0xx_StdPeriph_Driver/src/stm32f0xx_iwdg.c ****   */
 238:Libraries/STM32F0xx_StdPeriph_Driver/src/stm32f0xx_iwdg.c **** 
 239:Libraries/STM32F0xx_StdPeriph_Driver/src/stm32f0xx_iwdg.c **** /** @defgroup IWDG_Group3 Flag management function 
 240:Libraries/STM32F0xx_StdPeriph_Driver/src/stm32f0xx_iwdg.c ****  *  @brief  Flag management function  
 241:Libraries/STM32F0xx_StdPeriph_Driver/src/stm32f0xx_iwdg.c ****  *
 242:Libraries/STM32F0xx_StdPeriph_Driver/src/stm32f0xx_iwdg.c **** @verbatim   
 243:Libraries/STM32F0xx_StdPeriph_Driver/src/stm32f0xx_iwdg.c ****  ===============================================================================
 244:Libraries/STM32F0xx_StdPeriph_Driver/src/stm32f0xx_iwdg.c ****                       ##### Flag management function ##### 
 245:Libraries/STM32F0xx_StdPeriph_Driver/src/stm32f0xx_iwdg.c ****  ===============================================================================  
 246:Libraries/STM32F0xx_StdPeriph_Driver/src/stm32f0xx_iwdg.c **** 
 247:Libraries/STM32F0xx_StdPeriph_Driver/src/stm32f0xx_iwdg.c **** @endverbatim
 248:Libraries/STM32F0xx_StdPeriph_Driver/src/stm32f0xx_iwdg.c ****   * @{
 249:Libraries/STM32F0xx_StdPeriph_Driver/src/stm32f0xx_iwdg.c ****   */
 250:Libraries/STM32F0xx_StdPeriph_Driver/src/stm32f0xx_iwdg.c **** 
 251:Libraries/STM32F0xx_StdPeriph_Driver/src/stm32f0xx_iwdg.c **** /**
 252:Libraries/STM32F0xx_StdPeriph_Driver/src/stm32f0xx_iwdg.c ****   * @brief  Checks whether the specified IWDG flag is set or not.
 253:Libraries/STM32F0xx_StdPeriph_Driver/src/stm32f0xx_iwdg.c ****   * @param  IWDG_FLAG: specifies the flag to check.
 254:Libraries/STM32F0xx_StdPeriph_Driver/src/stm32f0xx_iwdg.c ****   *   This parameter can be one of the following values:
 255:Libraries/STM32F0xx_StdPeriph_Driver/src/stm32f0xx_iwdg.c ****   *     @arg IWDG_FLAG_PVU: Prescaler Value Update on going
 256:Libraries/STM32F0xx_StdPeriph_Driver/src/stm32f0xx_iwdg.c ****   *     @arg IWDG_FLAG_RVU: Reload Value Update on going
ARM GAS  /tmp/cc1hHLvb.s 			page 9


 257:Libraries/STM32F0xx_StdPeriph_Driver/src/stm32f0xx_iwdg.c ****   *     @arg IWDG_FLAG_WVU: Counter Window Value Update on going
 258:Libraries/STM32F0xx_StdPeriph_Driver/src/stm32f0xx_iwdg.c ****   * @retval The new state of IWDG_FLAG (SET or RESET).
 259:Libraries/STM32F0xx_StdPeriph_Driver/src/stm32f0xx_iwdg.c ****   */
 260:Libraries/STM32F0xx_StdPeriph_Driver/src/stm32f0xx_iwdg.c **** FlagStatus IWDG_GetFlagStatus(uint16_t IWDG_FLAG)
 261:Libraries/STM32F0xx_StdPeriph_Driver/src/stm32f0xx_iwdg.c **** {
 214              		.loc 1 261 1 is_stmt 1 view -0
 215              		.cfi_startproc
 216              		@ args = 0, pretend = 0, frame = 0
 217              		@ frame_needed = 0, uses_anonymous_args = 0
 218              		@ link register save eliminated.
 262:Libraries/STM32F0xx_StdPeriph_Driver/src/stm32f0xx_iwdg.c ****   FlagStatus bitstatus = RESET;
 219              		.loc 1 262 3 view .LVU29
 263:Libraries/STM32F0xx_StdPeriph_Driver/src/stm32f0xx_iwdg.c ****   /* Check the parameters */
 264:Libraries/STM32F0xx_StdPeriph_Driver/src/stm32f0xx_iwdg.c ****   assert_param(IS_IWDG_FLAG(IWDG_FLAG));
 220              		.loc 1 264 3 view .LVU30
 265:Libraries/STM32F0xx_StdPeriph_Driver/src/stm32f0xx_iwdg.c ****   if ((IWDG->SR & IWDG_FLAG) != (uint32_t)RESET)
 221              		.loc 1 265 3 view .LVU31
 222              		.loc 1 265 12 is_stmt 0 view .LVU32
 223 0000 034B     		ldr	r3, .L22
 224 0002 DB68     		ldr	r3, [r3, #12]
 225              		.loc 1 265 6 view .LVU33
 226 0004 0342     		tst	r3, r0
 227 0006 01D0     		beq	.L21
 266:Libraries/STM32F0xx_StdPeriph_Driver/src/stm32f0xx_iwdg.c ****   {
 267:Libraries/STM32F0xx_StdPeriph_Driver/src/stm32f0xx_iwdg.c ****     bitstatus = SET;
 228              		.loc 1 267 15 view .LVU34
 229 0008 0120     		movs	r0, #1
 230              	.LVL5:
 231              	.L20:
 268:Libraries/STM32F0xx_StdPeriph_Driver/src/stm32f0xx_iwdg.c ****   }
 269:Libraries/STM32F0xx_StdPeriph_Driver/src/stm32f0xx_iwdg.c ****   else
 270:Libraries/STM32F0xx_StdPeriph_Driver/src/stm32f0xx_iwdg.c ****   {
 271:Libraries/STM32F0xx_StdPeriph_Driver/src/stm32f0xx_iwdg.c ****     bitstatus = RESET;
 272:Libraries/STM32F0xx_StdPeriph_Driver/src/stm32f0xx_iwdg.c ****   }
 273:Libraries/STM32F0xx_StdPeriph_Driver/src/stm32f0xx_iwdg.c ****   /* Return the flag status */
 274:Libraries/STM32F0xx_StdPeriph_Driver/src/stm32f0xx_iwdg.c ****   return bitstatus;
 232              		.loc 1 274 3 is_stmt 1 view .LVU35
 275:Libraries/STM32F0xx_StdPeriph_Driver/src/stm32f0xx_iwdg.c **** }
 233              		.loc 1 275 1 is_stmt 0 view .LVU36
 234              		@ sp needed
 235 000a 7047     		bx	lr
 236              	.LVL6:
 237              	.L21:
 271:Libraries/STM32F0xx_StdPeriph_Driver/src/stm32f0xx_iwdg.c ****   }
 238              		.loc 1 271 15 view .LVU37
 239 000c 0020     		movs	r0, #0
 240              	.LVL7:
 271:Libraries/STM32F0xx_StdPeriph_Driver/src/stm32f0xx_iwdg.c ****   }
 241              		.loc 1 271 15 view .LVU38
 242 000e FCE7     		b	.L20
 243              	.L23:
 244              		.align	2
 245              	.L22:
 246 0010 00300040 		.word	1073754112
 247              		.cfi_endproc
 248              	.LFE38:
 250              		.text
ARM GAS  /tmp/cc1hHLvb.s 			page 10


 251              	.Letext0:
 252              		.file 2 "/usr/arm-none-eabi/include/machine/_default_types.h"
 253              		.file 3 "/usr/arm-none-eabi/include/sys/_stdint.h"
 254              		.file 4 "./Libraries/CMSIS/ST/STM32F0xx/Include/stm32f0xx.h"
 255              		.file 5 "./Libraries/CMSIS/ST/STM32F0xx/Include/system_stm32f0xx.h"
ARM GAS  /tmp/cc1hHLvb.s 			page 11


DEFINED SYMBOLS
                            *ABS*:0000000000000000 stm32f0xx_iwdg.c
     /tmp/cc1hHLvb.s:16     .text.IWDG_WriteAccessCmd:0000000000000000 $t
     /tmp/cc1hHLvb.s:24     .text.IWDG_WriteAccessCmd:0000000000000000 IWDG_WriteAccessCmd
     /tmp/cc1hHLvb.s:44     .text.IWDG_WriteAccessCmd:0000000000000008 $d
     /tmp/cc1hHLvb.s:49     .text.IWDG_SetPrescaler:0000000000000000 $t
     /tmp/cc1hHLvb.s:56     .text.IWDG_SetPrescaler:0000000000000000 IWDG_SetPrescaler
     /tmp/cc1hHLvb.s:75     .text.IWDG_SetPrescaler:0000000000000008 $d
     /tmp/cc1hHLvb.s:80     .text.IWDG_SetReload:0000000000000000 $t
     /tmp/cc1hHLvb.s:87     .text.IWDG_SetReload:0000000000000000 IWDG_SetReload
     /tmp/cc1hHLvb.s:106    .text.IWDG_SetReload:0000000000000008 $d
     /tmp/cc1hHLvb.s:111    .text.IWDG_ReloadCounter:0000000000000000 $t
     /tmp/cc1hHLvb.s:118    .text.IWDG_ReloadCounter:0000000000000000 IWDG_ReloadCounter
     /tmp/cc1hHLvb.s:136    .text.IWDG_ReloadCounter:0000000000000008 $d
     /tmp/cc1hHLvb.s:142    .text.IWDG_SetWindowValue:0000000000000000 $t
     /tmp/cc1hHLvb.s:149    .text.IWDG_SetWindowValue:0000000000000000 IWDG_SetWindowValue
     /tmp/cc1hHLvb.s:168    .text.IWDG_SetWindowValue:0000000000000008 $d
     /tmp/cc1hHLvb.s:173    .text.IWDG_Enable:0000000000000000 $t
     /tmp/cc1hHLvb.s:180    .text.IWDG_Enable:0000000000000000 IWDG_Enable
     /tmp/cc1hHLvb.s:198    .text.IWDG_Enable:0000000000000008 $d
     /tmp/cc1hHLvb.s:204    .text.IWDG_GetFlagStatus:0000000000000000 $t
     /tmp/cc1hHLvb.s:211    .text.IWDG_GetFlagStatus:0000000000000000 IWDG_GetFlagStatus
     /tmp/cc1hHLvb.s:246    .text.IWDG_GetFlagStatus:0000000000000010 $d

NO UNDEFINED SYMBOLS
